<?xml version="1.0" encoding="UTF-8"?>
<testsuite xmlns:xsi="http://www.w3.org/2001/XMLSchema-instance" xsi:noNamespaceSchemaLocation="https://maven.apache.org/surefire/maven-surefire-plugin/xsd/surefire-test-report.xsd" version="3.0.2" name="com.feedback.feedbackCollection.FeedbackCollectionApplicationTests" time="15.844" tests="1" errors="0" skipped="0" failures="0">
  <properties>
[...]
</properties>
  <testcase name="contextLoads" classname="com.feedback.feedbackCollection.FeedbackCollectionApplicationTests" time="0.588">
    <system-out><![CDATA[00:37:59.856 [main] INFO org.springframework.test.context.support.AnnotationConfigContextLoaderUtils -- Could not detect default configuration classes for test class [com.feedback.feedbackCollection.FeedbackCollectionApplicationTests]: FeedbackCollectionApplicationTests does not declare any static, non-private, non-final, nested classes annotated with @Configuration.
00:38:00.009 [main] INFO org.springframework.boot.test.context.SpringBootTestContextBootstrapper -- Found @SpringBootConfiguration com.feedback.feedbackCollection.FeedbackCollectionApplication for test class com.feedback.feedbackCollection.FeedbackCollectionApplicationTests
00:38:00.240 [main] INFO org.springframework.boot.devtools.restart.RestartApplicationListener -- Restart disabled due to context in which it is running

  .   ____          _            __ _ _
 /\\ / ___'_ __ _ _(_)_ __  __ _ \ \ \ \
( ( )\___ | '_ | '_| | '_ \/ _` | \ \ \ \
 \\/  ___)| |_)| | | | | || (_| |  ) ) ) )
  '  |____| .__|_| |_|_| |_\__, | / / / /
 =========|_|==============|___/=/_/_/_/

 :: Spring Boot ::                (v3.4.3)

2025-03-26T00:38:00.522+05:30 DEBUG 24168 --- [feedbackCollection] [kground-preinit] o.h.v.i.xml.config.ValidationXmlParser   : Trying to load META-INF/validation.xml for XML based Validator configuration.
2025-03-26T00:38:00.524+05:30 DEBUG 24168 --- [feedbackCollection] [kground-preinit] o.h.v.i.xml.config.ResourceLoaderHelper  : Trying to load META-INF/validation.xml via TCCL
2025-03-26T00:38:00.525+05:30 DEBUG 24168 --- [feedbackCollection] [kground-preinit] o.h.v.i.xml.config.ResourceLoaderHelper  : Trying to load META-INF/validation.xml via Hibernate Validator's class loader
2025-03-26T00:38:00.525+05:30 DEBUG 24168 --- [feedbackCollection] [kground-preinit] o.h.v.i.xml.config.ValidationXmlParser   : No META-INF/validation.xml found. Using annotation based configuration only.
2025-03-26T00:38:00.530+05:30 DEBUG 24168 --- [feedbackCollection] [kground-preinit] o.h.v.i.e.resolver.TraversableResolvers  : Found jakarta.persistence.Persistence on classpath containing 'getPersistenceUtil'. Assuming JPA 2 environment. Trying to instantiate JPA aware TraversableResolver
2025-03-26T00:38:00.531+05:30 DEBUG 24168 --- [feedbackCollection] [kground-preinit] o.h.v.i.e.resolver.TraversableResolvers  : Instantiated JPA aware TraversableResolver of type org.hibernate.validator.internal.engine.resolver.JPATraversableResolver.
2025-03-26T00:38:00.546+05:30  INFO 24168 --- [feedbackCollection] [           main] c.f.f.FeedbackCollectionApplicationTests : Starting FeedbackCollectionApplicationTests using Java 18 with PID 24168 (started by dell in D:\ram new\My WOrks\Research\feedbackCollection)
2025-03-26T00:38:00.547+05:30  INFO 24168 --- [feedbackCollection] [           main] c.f.f.FeedbackCollectionApplicationTests : No active profile set, falling back to 1 default profile: "default"
2025-03-26T00:38:00.548+05:30 DEBUG 24168 --- [feedbackCollection] [           main] o.s.boot.SpringApplication               : Loading source class com.feedback.feedbackCollection.FeedbackCollectionApplication
2025-03-26T00:38:00.555+05:30 DEBUG 24168 --- [feedbackCollection] [kground-preinit] .h.v.m.ResourceBundleMessageInterpolator : Loaded expression factory via original TCCL
2025-03-26T00:38:00.578+05:30 DEBUG 24168 --- [feedbackCollection] [           main] o.s.w.c.s.GenericWebApplicationContext   : Refreshing org.springframework.web.context.support.GenericWebApplicationContext@38d5b107
2025-03-26T00:38:00.597+05:30 DEBUG 24168 --- [feedbackCollection] [           main] o.s.b.f.s.DefaultListableBeanFactory     : Creating shared instance of singleton bean 'org.springframework.context.annotation.internalConfigurationAnnotationProcessor'
2025-03-26T00:38:00.610+05:30 DEBUG 24168 --- [feedbackCollection] [           main] o.s.b.f.s.DefaultListableBeanFactory     : Creating shared instance of singleton bean 'org.springframework.boot.autoconfigure.internalCachingMetadataReaderFactory'
2025-03-26T00:38:00.654+05:30 DEBUG 24168 --- [feedbackCollection] [           main] o.s.c.a.ClassPathBeanDefinitionScanner   : Identified candidate component class: file [D:\ram new\My WOrks\Research\feedbackCollection\target\classes\com\feedback\feedbackCollection\config\WebConfig.class]
2025-03-26T00:38:00.663+05:30 DEBUG 24168 --- [feedbackCollection] [kground-preinit] .i.e.ValidatorFactoryConfigurationHelper : HV000252: Using org.hibernate.validator.internal.engine.DefaultPropertyNodeNameProvider as property node name provider.
2025-03-26T00:38:00.669+05:30 DEBUG 24168 --- [feedbackCollection] [kground-preinit] .i.e.ValidatorFactoryConfigurationHelper : HV000234: Using org.hibernate.validator.messageinterpolation.ResourceBundleMessageInterpolator as ValidatorFactory-scoped message interpolator.
2025-03-26T00:38:00.669+05:30 DEBUG 24168 --- [feedbackCollection] [kground-preinit] .i.e.ValidatorFactoryConfigurationHelper : HV000234: Using org.hibernate.validator.internal.engine.resolver.JPATraversableResolver as ValidatorFactory-scoped traversable resolver.
2025-03-26T00:38:00.669+05:30 DEBUG 24168 --- [feedbackCollection] [kground-preinit] .i.e.ValidatorFactoryConfigurationHelper : HV000234: Using org.hibernate.validator.internal.util.ExecutableParameterNameProvider as ValidatorFactory-scoped parameter name provider.
2025-03-26T00:38:00.669+05:30 DEBUG 24168 --- [feedbackCollection] [kground-preinit] .i.e.ValidatorFactoryConfigurationHelper : HV000234: Using org.hibernate.validator.internal.engine.DefaultClockProvider as ValidatorFactory-scoped clock provider.
2025-03-26T00:38:00.669+05:30 DEBUG 24168 --- [feedbackCollection] [kground-preinit] .i.e.ValidatorFactoryConfigurationHelper : HV000234: Using org.hibernate.validator.internal.engine.scripting.DefaultScriptEvaluatorFactory as ValidatorFactory-scoped script evaluator factory.
2025-03-26T00:38:00.670+05:30 DEBUG 24168 --- [feedbackCollection] [           main] o.s.c.a.ClassPathBeanDefinitionScanner   : Identified candidate component class: file [D:\ram new\My WOrks\Research\feedbackCollection\target\classes\com\feedback\feedbackCollection\controller\AdminController.class]
2025-03-26T00:38:01.610+05:30 DEBUG 24168 --- [feedbackCollection] [           main] o.s.c.a.ClassPathBeanDefinitionScanner   : Identified candidate component class: file [D:\ram new\My WOrks\Research\feedbackCollection\target\classes\com\feedback\feedbackCollection\controller\HomeController.class]
2025-03-26T00:38:01.612+05:30 DEBUG 24168 --- [feedbackCollection] [           main] o.s.c.a.ClassPathBeanDefinitionScanner   : Identified candidate component class: file [D:\ram new\My WOrks\Research\feedbackCollection\target\classes\com\feedback\feedbackCollection\controller\QuizController.class]
2025-03-26T00:38:01.616+05:30 DEBUG 24168 --- [feedbackCollection] [           main] o.s.c.a.ClassPathBeanDefinitionScanner   : Identified candidate component class: file [D:\ram new\My WOrks\Research\feedbackCollection\target\classes\com\feedback\feedbackCollection\controller\QuizSummaryController.class]
2025-03-26T00:38:01.618+05:30 DEBUG 24168 --- [feedbackCollection] [           main] o.s.c.a.ClassPathBeanDefinitionScanner   : Identified candidate component class: file [D:\ram new\My WOrks\Research\feedbackCollection\target\classes\com\feedback\feedbackCollection\controller\UserController.class]
2025-03-26T00:38:01.619+05:30 DEBUG 24168 --- [feedbackCollection] [           main] o.s.c.a.ClassPathBeanDefinitionScanner   : Identified candidate component class: file [D:\ram new\My WOrks\Research\feedbackCollection\target\classes\com\feedback\feedbackCollection\data\dao\impl\Responsedaoimpl.class]
2025-03-26T00:38:01.621+05:30 DEBUG 24168 --- [feedbackCollection] [           main] o.s.c.a.ClassPathBeanDefinitionScanner   : Identified candidate component class: file [D:\ram new\My WOrks\Research\feedbackCollection\target\classes\com\feedback\feedbackCollection\data\dao\impl\Userdaoimpl.class]
2025-03-26T00:38:01.637+05:30 DEBUG 24168 --- [feedbackCollection] [           main] o.s.c.a.ClassPathBeanDefinitionScanner   : Ignored because not a concrete top-level class: file [D:\ram new\My WOrks\Research\feedbackCollection\target\classes\com\feedback\feedbackCollection\data\repository\AdminDataRepository.class]
2025-03-26T00:38:01.646+05:30 DEBUG 24168 --- [feedbackCollection] [           main] o.s.c.a.ClassPathBeanDefinitionScanner   : Ignored because not a concrete top-level class: file [D:\ram new\My WOrks\Research\feedbackCollection\target\classes\com\feedback\feedbackCollection\data\repository\UserRepository.class]
2025-03-26T00:38:01.653+05:30 DEBUG 24168 --- [feedbackCollection] [           main] o.s.c.a.ClassPathBeanDefinitionScanner   : Identified candidate component class: file [D:\ram new\My WOrks\Research\feedbackCollection\target\classes\com\feedback\feedbackCollection\service\impl\AdminServiceimpl.class]
2025-03-26T00:38:01.654+05:30 DEBUG 24168 --- [feedbackCollection] [           main] o.s.c.a.ClassPathBeanDefinitionScanner   : Identified candidate component class: file [D:\ram new\My WOrks\Research\feedbackCollection\target\classes\com\feedback\feedbackCollection\service\impl\QuizSummaryServiceimpl.class]
2025-03-26T00:38:01.655+05:30 DEBUG 24168 --- [feedbackCollection] [           main] o.s.c.a.ClassPathBeanDefinitionScanner   : Identified candidate component class: file [D:\ram new\My WOrks\Research\feedbackCollection\target\classes\com\feedback\feedbackCollection\service\impl\ResponseServiceimpl.class]
2025-03-26T00:38:01.656+05:30 DEBUG 24168 --- [feedbackCollection] [           main] o.s.c.a.ClassPathBeanDefinitionScanner   : Identified candidate component class: file [D:\ram new\My WOrks\Research\feedbackCollection\target\classes\com\feedback\feedbackCollection\service\impl\UserServiceimpl.class]
2025-03-26T00:38:02.276+05:30  INFO 24168 --- [feedbackCollection] [           main] .s.d.r.c.RepositoryConfigurationDelegate : Bootstrapping Spring Data JPA repositories in DEFAULT mode.
2025-03-26T00:38:02.284+05:30 DEBUG 24168 --- [feedbackCollection] [           main] o.s.b.f.s.DefaultListableBeanFactory     : Creating shared instance of singleton bean 'org.springframework.boot.autoconfigure.AutoConfigurationPackages'
2025-03-26T00:38:02.290+05:30 DEBUG 24168 --- [feedbackCollection] [           main] o.s.b.a.AutoConfigurationPackages        : @EnableAutoConfiguration was declared on a class in the package 'com.feedback.feedbackCollection'. Automatic @Repository and @Entity scanning is enabled.
2025-03-26T00:38:02.292+05:30 DEBUG 24168 --- [feedbackCollection] [           main] .s.d.r.c.RepositoryConfigurationDelegate : Scanning for JPA repositories in packages com.feedback.feedbackCollection.
2025-03-26T00:38:02.307+05:30 DEBUG 24168 --- [feedbackCollection] [           main] o.s.d.r.c.RepositoryComponentProvider    : Identified candidate component class: file [D:\ram new\My WOrks\Research\feedbackCollection\target\classes\com\feedback\feedbackCollection\data\repository\AdminDataRepository.class]
2025-03-26T00:38:02.308+05:30 DEBUG 24168 --- [feedbackCollection] [           main] o.s.d.r.c.RepositoryComponentProvider    : Identified candidate component class: file [D:\ram new\My WOrks\Research\feedbackCollection\target\classes\com\feedback\feedbackCollection\data\repository\QuizSummaryRepository.class]
2025-03-26T00:38:02.308+05:30 DEBUG 24168 --- [feedbackCollection] [           main] o.s.d.r.c.RepositoryComponentProvider    : Identified candidate component class: file [D:\ram new\My WOrks\Research\feedbackCollection\target\classes\com\feedback\feedbackCollection\data\repository\ResponseRepository.class]
2025-03-26T00:38:02.308+05:30 DEBUG 24168 --- [feedbackCollection] [           main] o.s.d.r.c.RepositoryComponentProvider    : Identified candidate component class: file [D:\ram new\My WOrks\Research\feedbackCollection\target\classes\com\feedback\feedbackCollection\data\repository\UserRepository.class]
2025-03-26T00:38:02.363+05:30  INFO 24168 --- [feedbackCollection] [           main] .s.d.r.c.RepositoryConfigurationDelegate : Finished Spring Data repository scanning in 69 ms. Found 4 JPA repository interfaces.
2025-03-26T00:38:02.539+05:30 DEBUG 24168 --- [feedbackCollection] [           main] o.s.b.f.s.DefaultListableBeanFactory     : Creating shared instance of singleton bean 'propertySourcesPlaceholderConfigurer'
2025-03-26T00:38:02.549+05:30 DEBUG 24168 --- [feedbackCollection] [           main] o.s.b.f.s.DefaultListableBeanFactory     : Creating shared instance of singleton bean 'org.springframework.boot.test.mock.mockito.MockitoPostProcessor'
2025-03-26T00:38:02.551+05:30 DEBUG 24168 --- [feedbackCollection] [           main] o.s.b.f.s.DefaultListableBeanFactory     : Creating shared instance of singleton bean 'emBeanDefinitionRegistrarPostProcessor'
2025-03-26T00:38:02.551+05:30 DEBUG 24168 --- [feedbackCollection] [           main] o.s.b.f.s.DefaultListableBeanFactory     : Creating shared instance of singleton bean 'org.springframework.boot.sql.init.dependency.DatabaseInitializationDependencyConfigurer$DependsOnDatabaseInitializationPostProcessor'
2025-03-26T00:38:02.606+05:30 DEBUG 24168 --- [feedbackCollection] [           main] o.s.b.f.s.DefaultListableBeanFactory     : Creating shared instance of singleton bean 'org.springframework.context.event.internalEventListenerProcessor'
2025-03-26T00:38:02.608+05:30 DEBUG 24168 --- [feedbackCollection] [           main] o.s.b.f.s.DefaultListableBeanFactory     : Creating shared instance of singleton bean 'preserveErrorControllerTargetClassPostProcessor'
2025-03-26T00:38:02.609+05:30 DEBUG 24168 --- [feedbackCollection] [           main] o.s.b.f.s.DefaultListableBeanFactory     : Creating shared instance of singleton bean 'org.springframework.context.event.internalEventListenerFactory'
2025-03-26T00:38:02.610+05:30 DEBUG 24168 --- [feedbackCollection] [           main] o.s.b.f.s.DefaultListableBeanFactory     : Creating shared instance of singleton bean 'org.springframework.transaction.config.internalTransactionalEventListenerFactory'
2025-03-26T00:38:02.615+05:30 DEBUG 24168 --- [feedbackCollection] [           main] o.s.b.f.s.DefaultListableBeanFactory     : Creating shared instance of singleton bean 'org.springframework.boot.test.mock.mockito.MockitoPostProcessor$SpyPostProcessor'
2025-03-26T00:38:02.616+05:30 DEBUG 24168 --- [feedbackCollection] [           main] o.s.b.f.s.DefaultListableBeanFactory     : Creating shared instance of singleton bean 'org.springframework.context.annotation.internalAutowiredAnnotationProcessor'
2025-03-26T00:38:02.619+05:30 DEBUG 24168 --- [feedbackCollection] [           main] o.s.b.f.s.DefaultListableBeanFactory     : Creating shared instance of singleton bean 'org.springframework.context.annotation.internalCommonAnnotationProcessor'
2025-03-26T00:38:02.625+05:30 DEBUG 24168 --- [feedbackCollection] [           main] o.s.b.f.s.DefaultListableBeanFactory     : Creating shared instance of singleton bean 'org.springframework.context.annotation.internalPersistenceAnnotationProcessor'
2025-03-26T00:38:02.625+05:30 DEBUG 24168 --- [feedbackCollection] [           main] o.s.b.f.s.DefaultListableBeanFactory     : Creating shared instance of singleton bean 'org.springframework.boot.context.properties.ConfigurationPropertiesBindingPostProcessor'
2025-03-26T00:38:02.625+05:30 DEBUG 24168 --- [feedbackCollection] [           main] o.s.b.f.s.DefaultListableBeanFactory     : Creating shared instance of singleton bean 'org.springframework.boot.context.internalConfigurationPropertiesBinder'
2025-03-26T00:38:02.628+05:30 DEBUG 24168 --- [feedbackCollection] [           main] o.s.b.f.s.DefaultListableBeanFactory     : Creating shared instance of singleton bean 'jdbcConnectionDetailsHikariBeanPostProcessor'
2025-03-26T00:38:02.632+05:30 DEBUG 24168 --- [feedbackCollection] [           main] o.s.b.f.s.DefaultListableBeanFactory     : Creating shared instance of singleton bean 'methodValidationPostProcessor'
2025-03-26T00:38:02.635+05:30 DEBUG 24168 --- [feedbackCollection] [           main] o.s.b.f.s.DefaultListableBeanFactory     : Autowiring by type from bean name 'methodValidationPostProcessor' via factory method to bean named 'environment'
2025-03-26T00:38:02.655+05:30 DEBUG 24168 --- [feedbackCollection] [           main] o.s.b.f.s.DefaultListableBeanFactory     : Creating shared instance of singleton bean 'org.springframework.boot.context.properties.EnableConfigurationPropertiesRegistrar.methodValidationExcludeFilter'
2025-03-26T00:38:02.673+05:30 DEBUG 24168 --- [feedbackCollection] [           main] o.s.b.f.s.DefaultListableBeanFactory     : Creating shared instance of singleton bean 'org.springframework.aop.config.internalAutoProxyCreator'
2025-03-26T00:38:02.696+05:30 DEBUG 24168 --- [feedbackCollection] [           main] o.s.b.f.s.DefaultListableBeanFactory     : Creating shared instance of singleton bean 'persistenceExceptionTranslationPostProcessor'
2025-03-26T00:38:02.697+05:30 DEBUG 24168 --- [feedbackCollection] [           main] o.s.b.f.s.DefaultListableBeanFactory     : Autowiring by type from bean name 'persistenceExceptionTranslationPostProcessor' via factory method to bean named 'environment'
2025-03-26T00:38:02.701+05:30 DEBUG 24168 --- [feedbackCollection] [           main] o.s.b.f.s.DefaultListableBeanFactory     : Creating shared instance of singleton bean 'webServerFactoryCustomizerBeanPostProcessor'
2025-03-26T00:38:02.703+05:30 DEBUG 24168 --- [feedbackCollection] [           main] o.s.b.f.s.DefaultListableBeanFactory     : Creating shared instance of singleton bean 'errorPageRegistrarBeanPostProcessor'
2025-03-26T00:38:02.704+05:30 DEBUG 24168 --- [feedbackCollection] [           main] o.s.b.f.s.DefaultListableBeanFactory     : Creating shared instance of singleton bean 'projectingArgumentResolverBeanPostProcessor'
2025-03-26T00:38:02.706+05:30 DEBUG 24168 --- [feedbackCollection] [           main] o.s.b.f.s.DefaultListableBeanFactory     : Creating shared instance of singleton bean 'org.springframework.transaction.config.internalTransactionAdvisor'
2025-03-26T00:38:02.706+05:30 DEBUG 24168 --- [feedbackCollection] [           main] o.s.b.f.s.DefaultListableBeanFactory     : Creating shared instance of singleton bean 'org.springframework.transaction.annotation.ProxyTransactionManagementConfiguration'
2025-03-26T00:38:02.717+05:30 DEBUG 24168 --- [feedbackCollection] [           main] o.s.b.f.s.DefaultListableBeanFactory     : Creating shared instance of singleton bean 'transactionAttributeSource'
2025-03-26T00:38:02.719+05:30 DEBUG 24168 --- [feedbackCollection] [           main] o.s.b.f.s.DefaultListableBeanFactory     : Creating shared instance of singleton bean 'transactionInterceptor'
2025-03-26T00:38:02.719+05:30 DEBUG 24168 --- [feedbackCollection] [           main] o.s.b.f.s.DefaultListableBeanFactory     : Autowiring by type from bean name 'transactionInterceptor' via factory method to bean named 'transactionAttributeSource'
2025-03-26T00:38:02.724+05:30 DEBUG 24168 --- [feedbackCollection] [           main] o.s.b.f.s.DefaultListableBeanFactory     : Autowiring by type from bean name 'org.springframework.transaction.config.internalTransactionAdvisor' via factory method to bean named 'transactionAttributeSource'
2025-03-26T00:38:02.724+05:30 DEBUG 24168 --- [feedbackCollection] [           main] o.s.b.f.s.DefaultListableBeanFactory     : Autowiring by type from bean name 'org.springframework.transaction.config.internalTransactionAdvisor' via factory method to bean named 'transactionInterceptor'
2025-03-26T00:38:02.760+05:30 DEBUG 24168 --- [feedbackCollection] [           main] o.s.u.c.s.UiApplicationContextUtils      : Unable to locate ThemeSource with name 'themeSource': using default [org.springframework.ui.context.support.ResourceBundleThemeSource@2b916808]
2025-03-26T00:38:02.763+05:30 DEBUG 24168 --- [feedbackCollection] [           main] o.s.b.f.s.DefaultListableBeanFactory     : Creating shared instance of singleton bean 'org.springframework.test.context.support.internalDynamicPropertyRegistrarBeanInitializer'
2025-03-26T00:38:02.766+05:30 DEBUG 24168 --- [feedbackCollection] [           main] o.s.b.f.s.DefaultListableBeanFactory     : Creating shared instance of singleton bean 'dataSourceScriptDatabaseInitializer'
2025-03-26T00:38:02.766+05:30 DEBUG 24168 --- [feedbackCollection] [           main] o.s.b.f.s.DefaultListableBeanFactory     : Creating shared instance of singleton bean 'org.springframework.boot.autoconfigure.sql.init.DataSourceInitializationConfiguration'
2025-03-26T00:38:02.768+05:30 DEBUG 24168 --- [feedbackCollection] [           main] o.s.b.f.s.DefaultListableBeanFactory     : Creating shared instance of singleton bean 'dataSource'
2025-03-26T00:38:02.769+05:30 DEBUG 24168 --- [feedbackCollection] [           main] o.s.b.f.s.DefaultListableBeanFactory     : Creating shared instance of singleton bean 'org.springframework.boot.autoconfigure.jdbc.DataSourceConfiguration$Hikari'
2025-03-26T00:38:02.770+05:30 DEBUG 24168 --- [feedbackCollection] [           main] o.s.b.f.s.DefaultListableBeanFactory     : Creating shared instance of singleton bean 'spring.datasource-org.springframework.boot.autoconfigure.jdbc.DataSourceProperties'
2025-03-26T00:38:02.772+05:30 DEBUG 24168 --- [feedbackCollection] [           main] o.s.b.f.s.DefaultListableBeanFactory     : Creating shared instance of singleton bean 'org.springframework.boot.context.properties.BoundConfigurationProperties'
2025-03-26T00:38:02.789+05:30 DEBUG 24168 --- [feedbackCollection] [           main] o.s.b.f.s.DefaultListableBeanFactory     : Creating shared instance of singleton bean 'jdbcConnectionDetails'
2025-03-26T00:38:02.790+05:30 DEBUG 24168 --- [feedbackCollection] [           main] o.s.b.f.s.DefaultListableBeanFactory     : Creating shared instance of singleton bean 'org.springframework.boot.autoconfigure.jdbc.DataSourceAutoConfiguration$PooledDataSourceConfiguration'
2025-03-26T00:38:02.793+05:30 DEBUG 24168 --- [feedbackCollection] [           main] o.s.b.f.s.DefaultListableBeanFactory     : Autowiring by type from bean name 'jdbcConnectionDetails' via factory method to bean named 'spring.datasource-org.springframework.boot.autoconfigure.jdbc.DataSourceProperties'
2025-03-26T00:38:02.795+05:30 DEBUG 24168 --- [feedbackCollection] [           main] o.s.b.f.s.DefaultListableBeanFactory     : Autowiring by type from bean name 'dataSource' via factory method to bean named 'spring.datasource-org.springframework.boot.autoconfigure.jdbc.DataSourceProperties'
2025-03-26T00:38:02.796+05:30 DEBUG 24168 --- [feedbackCollection] [           main] o.s.b.f.s.DefaultListableBeanFactory     : Autowiring by type from bean name 'dataSource' via factory method to bean named 'jdbcConnectionDetails'
2025-03-26T00:38:02.801+05:30 DEBUG 24168 --- [feedbackCollection] [           main] com.zaxxer.hikari.HikariConfig           : Driver class org.postgresql.Driver found in Thread context class loader jdk.internal.loader.ClassLoaders$AppClassLoader@c387f44
2025-03-26T00:38:02.836+05:30 DEBUG 24168 --- [feedbackCollection] [           main] o.s.b.f.s.DefaultListableBeanFactory     : Creating shared instance of singleton bean 'spring.sql.init-org.springframework.boot.autoconfigure.sql.init.SqlInitializationProperties'
2025-03-26T00:38:02.839+05:30 DEBUG 24168 --- [feedbackCollection] [           main] o.s.b.f.s.DefaultListableBeanFactory     : Autowiring by type from bean name 'dataSourceScriptDatabaseInitializer' via factory method to bean named 'dataSource'
2025-03-26T00:38:02.840+05:30 DEBUG 24168 --- [feedbackCollection] [           main] o.s.b.f.s.DefaultListableBeanFactory     : Autowiring by type from bean name 'dataSourceScriptDatabaseInitializer' via factory method to bean named 'spring.sql.init-org.springframework.boot.autoconfigure.sql.init.SqlInitializationProperties'
2025-03-26T00:38:02.845+05:30 DEBUG 24168 --- [feedbackCollection] [           main] o.s.b.f.s.DefaultListableBeanFactory     : Creating shared instance of singleton bean 'entityManagerFactory'
2025-03-26T00:38:02.845+05:30 DEBUG 24168 --- [feedbackCollection] [           main] o.s.b.f.s.DefaultListableBeanFactory     : Creating shared instance of singleton bean 'org.springframework.boot.autoconfigure.orm.jpa.HibernateJpaConfiguration'
2025-03-26T00:38:02.846+05:30 DEBUG 24168 --- [feedbackCollection] [           main] o.s.b.f.s.DefaultListableBeanFactory     : Creating shared instance of singleton bean 'spring.jpa-org.springframework.boot.autoconfigure.orm.jpa.JpaProperties'
2025-03-26T00:38:02.855+05:30 DEBUG 24168 --- [feedbackCollection] [           main] o.s.b.f.s.DefaultListableBeanFactory     : Creating shared instance of singleton bean 'spring.jpa.hibernate-org.springframework.boot.autoconfigure.orm.jpa.HibernateProperties'
2025-03-26T00:38:02.858+05:30 DEBUG 24168 --- [feedbackCollection] [           main] o.s.b.f.s.DefaultListableBeanFactory     : Autowiring by type from bean name 'org.springframework.boot.autoconfigure.orm.jpa.HibernateJpaConfiguration' via constructor to bean named 'dataSource'
2025-03-26T00:38:02.858+05:30 DEBUG 24168 --- [feedbackCollection] [           main] o.s.b.f.s.DefaultListableBeanFactory     : Autowiring by type from bean name 'org.springframework.boot.autoconfigure.orm.jpa.HibernateJpaConfiguration' via constructor to bean named 'spring.jpa-org.springframework.boot.autoconfigure.orm.jpa.JpaProperties'
2025-03-26T00:38:02.858+05:30 DEBUG 24168 --- [feedbackCollection] [           main] o.s.b.f.s.DefaultListableBeanFactory     : Autowiring by type from bean name 'org.springframework.boot.autoconfigure.orm.jpa.HibernateJpaConfiguration' via constructor to bean named 'org.springframework.beans.factory.support.DefaultListableBeanFactory@3068b369'
2025-03-26T00:38:02.858+05:30 DEBUG 24168 --- [feedbackCollection] [           main] o.s.b.f.s.DefaultListableBeanFactory     : Autowiring by type from bean name 'org.springframework.boot.autoconfigure.orm.jpa.HibernateJpaConfiguration' via constructor to bean named 'spring.jpa.hibernate-org.springframework.boot.autoconfigure.orm.jpa.HibernateProperties'
2025-03-26T00:38:02.861+05:30 DEBUG 24168 --- [feedbackCollection] [           main] o.s.b.f.s.DefaultListableBeanFactory     : Creating shared instance of singleton bean 'hikariPoolDataSourceMetadataProvider'
2025-03-26T00:38:02.862+05:30 DEBUG 24168 --- [feedbackCollection] [           main] o.s.b.f.s.DefaultListableBeanFactory     : Creating shared instance of singleton bean 'org.springframework.boot.autoconfigure.jdbc.metadata.DataSourcePoolMetadataProvidersConfiguration$HikariPoolDataSourceMetadataProviderConfiguration'
2025-03-26T00:38:02.868+05:30 DEBUG 24168 --- [feedbackCollection] [           main] o.s.b.f.s.DefaultListableBeanFactory     : Creating shared instance of singleton bean 'entityManagerFactoryBuilder'
2025-03-26T00:38:02.869+05:30 DEBUG 24168 --- [feedbackCollection] [           main] o.s.b.f.s.DefaultListableBeanFactory     : Creating shared instance of singleton bean 'jpaVendorAdapter'
2025-03-26T00:38:02.884+05:30 DEBUG 24168 --- [feedbackCollection] [           main] o.s.b.f.s.DefaultListableBeanFactory     : Autowiring by type from bean name 'entityManagerFactoryBuilder' via factory method to bean named 'jpaVendorAdapter'
2025-03-26T00:38:02.895+05:30 DEBUG 24168 --- [feedbackCollection] [           main] o.s.b.f.s.DefaultListableBeanFactory     : Creating shared instance of singleton bean 'persistenceManagedTypes'
2025-03-26T00:38:02.898+05:30 DEBUG 24168 --- [feedbackCollection] [           main] o.s.b.f.s.DefaultListableBeanFactory     : Autowiring by type from bean name 'persistenceManagedTypes' via factory method to bean named 'org.springframework.beans.factory.support.DefaultListableBeanFactory@3068b369'
2025-03-26T00:38:02.898+05:30 DEBUG 24168 --- [feedbackCollection] [           main] o.s.b.f.s.DefaultListableBeanFactory     : Autowiring by type from bean name 'persistenceManagedTypes' via factory method to bean named 'org.springframework.web.context.support.GenericWebApplicationContext@38d5b107'
2025-03-26T00:38:02.911+05:30 DEBUG 24168 --- [feedbackCollection] [           main] o.s.b.f.s.DefaultListableBeanFactory     : Autowiring by type from bean name 'entityManagerFactory' via factory method to bean named 'entityManagerFactoryBuilder'
2025-03-26T00:38:02.911+05:30 DEBUG 24168 --- [feedbackCollection] [           main] o.s.b.f.s.DefaultListableBeanFactory     : Autowiring by type from bean name 'entityManagerFactory' via factory method to bean named 'persistenceManagedTypes'
2025-03-26T00:38:02.922+05:30 DEBUG 24168 --- [feedbackCollection] [           main] j.LocalContainerEntityManagerFactoryBean : Building JPA container EntityManagerFactory for persistence unit 'default'
2025-03-26T00:38:02.953+05:30 DEBUG 24168 --- [feedbackCollection] [           main] o.hibernate.jpa.internal.util.LogHelper  : PersistenceUnitInfo [
	name: default
	persistence provider classname: null
	classloader: jdk.internal.loader.ClassLoaders$AppClassLoader@c387f44
	excludeUnlistedClasses: true
	JTA datasource: null
	Non JTA datasource: HikariDataSource (null)
	Transaction type: RESOURCE_LOCAL
	PU root URL: file:/D:/ram%20new/My%20WOrks/Research/feedbackCollection/target/test-classes/
	Shared Cache Mode: UNSPECIFIED
	Validation Mode: AUTO
	Jar files URLs []
	Managed classes names [
		com.feedback.feedbackCollection.data.entity.AdminData
		com.feedback.feedbackCollection.data.entity.QuizSummaryEntity
		com.feedback.feedbackCollection.data.entity.ResponseEntity
		com.feedback.feedbackCollection.data.entity.UserEntity
		com.feedback.feedbackCollection.data.entity.UserQuizSummary]
	Mapping files names []
	Properties []
2025-03-26T00:38:02.962+05:30 DEBUG 24168 --- [feedbackCollection] [           main] o.h.i.internal.IntegratorServiceImpl     : Adding Integrator [org.hibernate.boot.beanvalidation.BeanValidationIntegrator].
2025-03-26T00:38:02.964+05:30 DEBUG 24168 --- [feedbackCollection] [           main] o.h.i.internal.IntegratorServiceImpl     : Adding Integrator [org.hibernate.cache.internal.CollectionCacheInvalidator].
2025-03-26T00:38:03.048+05:30  INFO 24168 --- [feedbackCollection] [           main] org.hibernate.Version                    : HHH000412: Hibernate ORM core version 6.6.8.Final
2025-03-26T00:38:03.049+05:30 DEBUG 24168 --- [feedbackCollection] [           main] org.hibernate.cfg.Environment            : HHH000206: 'hibernate.properties' not found
2025-03-26T00:38:03.082+05:30 DEBUG 24168 --- [feedbackCollection] [           main] org.hibernate.orm.idgen.factory          : Registering IdentifierGenerator strategy [uuid2] -> [org.hibernate.id.UUIDGenerator]
2025-03-26T00:38:03.083+05:30 DEBUG 24168 --- [feedbackCollection] [           main] org.hibernate.orm.idgen.factory          : Registering IdentifierGenerator strategy [guid] -> [org.hibernate.id.GUIDGenerator]
2025-03-26T00:38:03.084+05:30 DEBUG 24168 --- [feedbackCollection] [           main] org.hibernate.orm.idgen.factory          : Registering IdentifierGenerator strategy [uuid] -> [org.hibernate.id.UUIDHexGenerator]
2025-03-26T00:38:03.085+05:30 DEBUG 24168 --- [feedbackCollection] [           main] org.hibernate.orm.idgen.factory          : Registering IdentifierGenerator strategy [uuid.hex] -> [org.hibernate.id.UUIDHexGenerator]
2025-03-26T00:38:03.085+05:30 DEBUG 24168 --- [feedbackCollection] [           main] org.hibernate.orm.idgen.factory          : Registering IdentifierGenerator strategy [assigned] -> [org.hibernate.id.Assigned]
2025-03-26T00:38:03.087+05:30 DEBUG 24168 --- [feedbackCollection] [           main] org.hibernate.orm.idgen.factory          : Registering IdentifierGenerator strategy [identity] -> [org.hibernate.id.IdentityGenerator]
2025-03-26T00:38:03.088+05:30 DEBUG 24168 --- [feedbackCollection] [           main] org.hibernate.orm.idgen.factory          : Registering IdentifierGenerator strategy [select] -> [org.hibernate.id.SelectGenerator]
2025-03-26T00:38:03.089+05:30 DEBUG 24168 --- [feedbackCollection] [           main] org.hibernate.orm.idgen.factory          : Registering IdentifierGenerator strategy [sequence] -> [org.hibernate.id.enhanced.SequenceStyleGenerator]
2025-03-26T00:38:03.090+05:30 DEBUG 24168 --- [feedbackCollection] [           main] org.hibernate.orm.idgen.factory          : Registering IdentifierGenerator strategy [increment] -> [org.hibernate.id.IncrementGenerator]
2025-03-26T00:38:03.090+05:30 DEBUG 24168 --- [feedbackCollection] [           main] org.hibernate.orm.idgen.factory          : Registering IdentifierGenerator strategy [foreign] -> [org.hibernate.id.ForeignGenerator]
2025-03-26T00:38:03.090+05:30 DEBUG 24168 --- [feedbackCollection] [           main] org.hibernate.orm.idgen.factory          : Registering IdentifierGenerator strategy [enhanced-sequence] -> [org.hibernate.id.enhanced.SequenceStyleGenerator]
2025-03-26T00:38:03.092+05:30 DEBUG 24168 --- [feedbackCollection] [           main] org.hibernate.orm.idgen.factory          : Registering IdentifierGenerator strategy [enhanced-table] -> [org.hibernate.id.enhanced.TableGenerator]
2025-03-26T00:38:03.103+05:30 DEBUG 24168 --- [feedbackCollection] [           main] o.h.c.internal.RegionFactoryInitiator    : Cannot default RegionFactory based on registered strategies as `[]` RegionFactory strategies were registered
2025-03-26T00:38:03.104+05:30  INFO 24168 --- [feedbackCollection] [           main] o.h.c.internal.RegionFactoryInitiator    : HHH000026: Second-level cache disabled
2025-03-26T00:38:03.268+05:30 DEBUG 24168 --- [feedbackCollection] [           main] org.hibernate.type.BasicTypeRegistry     : Adding type registration boolean -> org.hibernate.type.BasicTypeReference@38e83838
2025-03-26T00:38:03.268+05:30 DEBUG 24168 --- [feedbackCollection] [           main] org.hibernate.type.BasicTypeRegistry     : Adding type registration boolean -> org.hibernate.type.BasicTypeReference@38e83838
2025-03-26T00:38:03.268+05:30 DEBUG 24168 --- [feedbackCollection] [           main] org.hibernate.type.BasicTypeRegistry     : Adding type registration java.lang.Boolean -> org.hibernate.type.BasicTypeReference@38e83838
2025-03-26T00:38:03.268+05:30 DEBUG 24168 --- [feedbackCollection] [           main] org.hibernate.type.BasicTypeRegistry     : Adding type registration numeric_boolean -> org.hibernate.type.BasicTypeReference@39832280
2025-03-26T00:38:03.268+05:30 DEBUG 24168 --- [feedbackCollection] [           main] org.hibernate.type.BasicTypeRegistry     : Adding type registration org.hibernate.type.NumericBooleanConverter -> org.hibernate.type.BasicTypeReference@39832280
2025-03-26T00:38:03.268+05:30 DEBUG 24168 --- [feedbackCollection] [           main] org.hibernate.type.BasicTypeRegistry     : Adding type registration true_false -> org.hibernate.type.BasicTypeReference@4966bab1
2025-03-26T00:38:03.269+05:30 DEBUG 24168 --- [feedbackCollection] [           main] org.hibernate.type.BasicTypeRegistry     : Adding type registration org.hibernate.type.TrueFalseConverter -> org.hibernate.type.BasicTypeReference@4966bab1
2025-03-26T00:38:03.269+05:30 DEBUG 24168 --- [feedbackCollection] [           main] org.hibernate.type.BasicTypeRegistry     : Adding type registration yes_no -> org.hibernate.type.BasicTypeReference@7f0f84d4
2025-03-26T00:38:03.269+05:30 DEBUG 24168 --- [feedbackCollection] [           main] org.hibernate.type.BasicTypeRegistry     : Adding type registration org.hibernate.type.YesNoConverter -> org.hibernate.type.BasicTypeReference@7f0f84d4
2025-03-26T00:38:03.269+05:30 DEBUG 24168 --- [feedbackCollection] [           main] org.hibernate.type.BasicTypeRegistry     : Adding type registration byte -> org.hibernate.type.BasicTypeReference@6df4af5
2025-03-26T00:38:03.269+05:30 DEBUG 24168 --- [feedbackCollection] [           main] org.hibernate.type.BasicTypeRegistry     : Adding type registration byte -> org.hibernate.type.BasicTypeReference@6df4af5
2025-03-26T00:38:03.269+05:30 DEBUG 24168 --- [feedbackCollection] [           main] org.hibernate.type.BasicTypeRegistry     : Adding type registration java.lang.Byte -> org.hibernate.type.BasicTypeReference@6df4af5
2025-03-26T00:38:03.269+05:30 DEBUG 24168 --- [feedbackCollection] [           main] org.hibernate.type.BasicTypeRegistry     : Adding type registration binary -> org.hibernate.type.BasicTypeReference@26e8ff8c
2025-03-26T00:38:03.269+05:30 DEBUG 24168 --- [feedbackCollection] [           main] org.hibernate.type.BasicTypeRegistry     : Adding type registration byte[] -> org.hibernate.type.BasicTypeReference@26e8ff8c
2025-03-26T00:38:03.269+05:30 DEBUG 24168 --- [feedbackCollection] [           main] org.hibernate.type.BasicTypeRegistry     : Adding type registration [B -> org.hibernate.type.BasicTypeReference@26e8ff8c
2025-03-26T00:38:03.269+05:30 DEBUG 24168 --- [feedbackCollection] [           main] org.hibernate.type.BasicTypeRegistry     : Adding type registration binary_wrapper -> org.hibernate.type.BasicTypeReference@5aa76ad2
2025-03-26T00:38:03.269+05:30 DEBUG 24168 --- [feedbackCollection] [           main] org.hibernate.type.BasicTypeRegistry     : Adding type registration wrapper-binary -> org.hibernate.type.BasicTypeReference@5aa76ad2
2025-03-26T00:38:03.269+05:30 DEBUG 24168 --- [feedbackCollection] [           main] org.hibernate.type.BasicTypeRegistry     : Adding type registration image -> org.hibernate.type.BasicTypeReference@590d6c76
2025-03-26T00:38:03.269+05:30 DEBUG 24168 --- [feedbackCollection] [           main] org.hibernate.type.BasicTypeRegistry     : Adding type registration blob -> org.hibernate.type.BasicTypeReference@25791d40
2025-03-26T00:38:03.269+05:30 DEBUG 24168 --- [feedbackCollection] [           main] org.hibernate.type.BasicTypeRegistry     : Adding type registration java.sql.Blob -> org.hibernate.type.BasicTypeReference@25791d40
2025-03-26T00:38:03.270+05:30 DEBUG 24168 --- [feedbackCollection] [           main] org.hibernate.type.BasicTypeRegistry     : Adding type registration materialized_blob -> org.hibernate.type.BasicTypeReference@448c92fc
2025-03-26T00:38:03.270+05:30 DEBUG 24168 --- [feedbackCollection] [           main] org.hibernate.type.BasicTypeRegistry     : Adding type registration materialized_blob_wrapper -> org.hibernate.type.BasicTypeReference@251c8145
2025-03-26T00:38:03.270+05:30 DEBUG 24168 --- [feedbackCollection] [           main] org.hibernate.type.BasicTypeRegistry     : Adding type registration short -> org.hibernate.type.BasicTypeReference@17c0274c
2025-03-26T00:38:03.270+05:30 DEBUG 24168 --- [feedbackCollection] [           main] org.hibernate.type.BasicTypeRegistry     : Adding type registration short -> org.hibernate.type.BasicTypeReference@17c0274c
2025-03-26T00:38:03.270+05:30 DEBUG 24168 --- [feedbackCollection] [           main] org.hibernate.type.BasicTypeRegistry     : Adding type registration java.lang.Short -> org.hibernate.type.BasicTypeReference@17c0274c
2025-03-26T00:38:03.270+05:30 DEBUG 24168 --- [feedbackCollection] [           main] org.hibernate.type.BasicTypeRegistry     : Adding type registration integer -> org.hibernate.type.BasicTypeReference@7abeabe9
2025-03-26T00:38:03.270+05:30 DEBUG 24168 --- [feedbackCollection] [           main] org.hibernate.type.BasicTypeRegistry     : Adding type registration int -> org.hibernate.type.BasicTypeReference@7abeabe9
2025-03-26T00:38:03.270+05:30 DEBUG 24168 --- [feedbackCollection] [           main] org.hibernate.type.BasicTypeRegistry     : Adding type registration java.lang.Integer -> org.hibernate.type.BasicTypeReference@7abeabe9
2025-03-26T00:38:03.270+05:30 DEBUG 24168 --- [feedbackCollection] [           main] org.hibernate.type.BasicTypeRegistry     : Adding type registration long -> org.hibernate.type.BasicTypeReference@5a05dd30
2025-03-26T00:38:03.270+05:30 DEBUG 24168 --- [feedbackCollection] [           main] org.hibernate.type.BasicTypeRegistry     : Adding type registration long -> org.hibernate.type.BasicTypeReference@5a05dd30
2025-03-26T00:38:03.270+05:30 DEBUG 24168 --- [feedbackCollection] [           main] org.hibernate.type.BasicTypeRegistry     : Adding type registration java.lang.Long -> org.hibernate.type.BasicTypeReference@5a05dd30
2025-03-26T00:38:03.270+05:30 DEBUG 24168 --- [feedbackCollection] [           main] org.hibernate.type.BasicTypeRegistry     : Adding type registration float -> org.hibernate.type.BasicTypeReference@1b52699c
2025-03-26T00:38:03.270+05:30 DEBUG 24168 --- [feedbackCollection] [           main] org.hibernate.type.BasicTypeRegistry     : Adding type registration float -> org.hibernate.type.BasicTypeReference@1b52699c
2025-03-26T00:38:03.270+05:30 DEBUG 24168 --- [feedbackCollection] [           main] org.hibernate.type.BasicTypeRegistry     : Adding type registration java.lang.Float -> org.hibernate.type.BasicTypeReference@1b52699c
2025-03-26T00:38:03.270+05:30 DEBUG 24168 --- [feedbackCollection] [           main] org.hibernate.type.BasicTypeRegistry     : Adding type registration double -> org.hibernate.type.BasicTypeReference@dbed7fd
2025-03-26T00:38:03.271+05:30 DEBUG 24168 --- [feedbackCollection] [           main] org.hibernate.type.BasicTypeRegistry     : Adding type registration double -> org.hibernate.type.BasicTypeReference@dbed7fd
2025-03-26T00:38:03.271+05:30 DEBUG 24168 --- [feedbackCollection] [           main] org.hibernate.type.BasicTypeRegistry     : Adding type registration java.lang.Double -> org.hibernate.type.BasicTypeReference@dbed7fd
2025-03-26T00:38:03.271+05:30 DEBUG 24168 --- [feedbackCollection] [           main] org.hibernate.type.BasicTypeRegistry     : Adding type registration big_integer -> org.hibernate.type.BasicTypeReference@250d440
2025-03-26T00:38:03.271+05:30 DEBUG 24168 --- [feedbackCollection] [           main] org.hibernate.type.BasicTypeRegistry     : Adding type registration java.math.BigInteger -> org.hibernate.type.BasicTypeReference@250d440
2025-03-26T00:38:03.271+05:30 DEBUG 24168 --- [feedbackCollection] [           main] org.hibernate.type.BasicTypeRegistry     : Adding type registration big_decimal -> org.hibernate.type.BasicTypeReference@76c86567
2025-03-26T00:38:03.271+05:30 DEBUG 24168 --- [feedbackCollection] [           main] org.hibernate.type.BasicTypeRegistry     : Adding type registration java.math.BigDecimal -> org.hibernate.type.BasicTypeReference@76c86567
2025-03-26T00:38:03.271+05:30 DEBUG 24168 --- [feedbackCollection] [           main] org.hibernate.type.BasicTypeRegistry     : Adding type registration character -> org.hibernate.type.BasicTypeReference@7e5efcab
2025-03-26T00:38:03.271+05:30 DEBUG 24168 --- [feedbackCollection] [           main] org.hibernate.type.BasicTypeRegistry     : Adding type registration char -> org.hibernate.type.BasicTypeReference@7e5efcab
2025-03-26T00:38:03.271+05:30 DEBUG 24168 --- [feedbackCollection] [           main] org.hibernate.type.BasicTypeRegistry     : Adding type registration java.lang.Character -> org.hibernate.type.BasicTypeReference@7e5efcab
2025-03-26T00:38:03.271+05:30 DEBUG 24168 --- [feedbackCollection] [           main] org.hibernate.type.BasicTypeRegistry     : Adding type registration character_nchar -> org.hibernate.type.BasicTypeReference@5a4dda2
2025-03-26T00:38:03.271+05:30 DEBUG 24168 --- [feedbackCollection] [           main] org.hibernate.type.BasicTypeRegistry     : Adding type registration string -> org.hibernate.type.BasicTypeReference@1d2fb82
2025-03-26T00:38:03.271+05:30 DEBUG 24168 --- [feedbackCollection] [           main] org.hibernate.type.BasicTypeRegistry     : Adding type registration java.lang.String -> org.hibernate.type.BasicTypeReference@1d2fb82
2025-03-26T00:38:03.271+05:30 DEBUG 24168 --- [feedbackCollection] [           main] org.hibernate.type.BasicTypeRegistry     : Adding type registration nstring -> org.hibernate.type.BasicTypeReference@34045582
2025-03-26T00:38:03.271+05:30 DEBUG 24168 --- [feedbackCollection] [           main] org.hibernate.type.BasicTypeRegistry     : Adding type registration characters -> org.hibernate.type.BasicTypeReference@3db65c0d
2025-03-26T00:38:03.271+05:30 DEBUG 24168 --- [feedbackCollection] [           main] org.hibernate.type.BasicTypeRegistry     : Adding type registration char[] -> org.hibernate.type.BasicTypeReference@3db65c0d
2025-03-26T00:38:03.271+05:30 DEBUG 24168 --- [feedbackCollection] [           main] org.hibernate.type.BasicTypeRegistry     : Adding type registration [C -> org.hibernate.type.BasicTypeReference@3db65c0d
2025-03-26T00:38:03.271+05:30 DEBUG 24168 --- [feedbackCollection] [           main] org.hibernate.type.BasicTypeRegistry     : Adding type registration wrapper-characters -> org.hibernate.type.BasicTypeReference@1edccfd4
2025-03-26T00:38:03.272+05:30 DEBUG 24168 --- [feedbackCollection] [           main] org.hibernate.type.BasicTypeRegistry     : Adding type registration text -> org.hibernate.type.BasicTypeReference@8c43966
2025-03-26T00:38:03.272+05:30 DEBUG 24168 --- [feedbackCollection] [           main] org.hibernate.type.BasicTypeRegistry     : Adding type registration ntext -> org.hibernate.type.BasicTypeReference@1efac5b9
2025-03-26T00:38:03.272+05:30 DEBUG 24168 --- [feedbackCollection] [           main] org.hibernate.type.BasicTypeRegistry     : Adding type registration clob -> org.hibernate.type.BasicTypeReference@11a3a45f
2025-03-26T00:38:03.272+05:30 DEBUG 24168 --- [feedbackCollection] [           main] org.hibernate.type.BasicTypeRegistry     : Adding type registration java.sql.Clob -> org.hibernate.type.BasicTypeReference@11a3a45f
2025-03-26T00:38:03.272+05:30 DEBUG 24168 --- [feedbackCollection] [           main] org.hibernate.type.BasicTypeRegistry     : Adding type registration nclob -> org.hibernate.type.BasicTypeReference@69796bd0
2025-03-26T00:38:03.272+05:30 DEBUG 24168 --- [feedbackCollection] [           main] org.hibernate.type.BasicTypeRegistry     : Adding type registration java.sql.NClob -> org.hibernate.type.BasicTypeReference@69796bd0
2025-03-26T00:38:03.272+05:30 DEBUG 24168 --- [feedbackCollection] [           main] org.hibernate.type.BasicTypeRegistry     : Adding type registration materialized_clob -> org.hibernate.type.BasicTypeReference@40df6090
2025-03-26T00:38:03.272+05:30 DEBUG 24168 --- [feedbackCollection] [           main] org.hibernate.type.BasicTypeRegistry     : Adding type registration materialized_clob_char_array -> org.hibernate.type.BasicTypeReference@8c0a23f
2025-03-26T00:38:03.272+05:30 DEBUG 24168 --- [feedbackCollection] [           main] org.hibernate.type.BasicTypeRegistry     : Adding type registration materialized_clob_character_array -> org.hibernate.type.BasicTypeReference@44d7e24
2025-03-26T00:38:03.272+05:30 DEBUG 24168 --- [feedbackCollection] [           main] org.hibernate.type.BasicTypeRegistry     : Adding type registration materialized_nclob -> org.hibernate.type.BasicTypeReference@26c8b296
2025-03-26T00:38:03.272+05:30 DEBUG 24168 --- [feedbackCollection] [           main] org.hibernate.type.BasicTypeRegistry     : Adding type registration materialized_nclob_character_array -> org.hibernate.type.BasicTypeReference@1d289d3f
2025-03-26T00:38:03.272+05:30 DEBUG 24168 --- [feedbackCollection] [           main] org.hibernate.type.BasicTypeRegistry     : Adding type registration materialized_nclob_char_array -> org.hibernate.type.BasicTypeReference@10f405ff
2025-03-26T00:38:03.272+05:30 DEBUG 24168 --- [feedbackCollection] [           main] org.hibernate.type.BasicTypeRegistry     : Adding type registration Duration -> org.hibernate.type.BasicTypeReference@7f27f59b
2025-03-26T00:38:03.272+05:30 DEBUG 24168 --- [feedbackCollection] [           main] org.hibernate.type.BasicTypeRegistry     : Adding type registration java.time.Duration -> org.hibernate.type.BasicTypeReference@7f27f59b
2025-03-26T00:38:03.273+05:30 DEBUG 24168 --- [feedbackCollection] [           main] org.hibernate.type.BasicTypeRegistry     : Adding type registration LocalDateTime -> org.hibernate.type.BasicTypeReference@1c98b4eb
2025-03-26T00:38:03.273+05:30 DEBUG 24168 --- [feedbackCollection] [           main] org.hibernate.type.BasicTypeRegistry     : Adding type registration java.time.LocalDateTime -> org.hibernate.type.BasicTypeReference@1c98b4eb
2025-03-26T00:38:03.273+05:30 DEBUG 24168 --- [feedbackCollection] [           main] org.hibernate.type.BasicTypeRegistry     : Adding type registration LocalDate -> org.hibernate.type.BasicTypeReference@45801322
2025-03-26T00:38:03.273+05:30 DEBUG 24168 --- [feedbackCollection] [           main] org.hibernate.type.BasicTypeRegistry     : Adding type registration java.time.LocalDate -> org.hibernate.type.BasicTypeReference@45801322
2025-03-26T00:38:03.273+05:30 DEBUG 24168 --- [feedbackCollection] [           main] org.hibernate.type.BasicTypeRegistry     : Adding type registration LocalTime -> org.hibernate.type.BasicTypeReference@756b2d90
2025-03-26T00:38:03.273+05:30 DEBUG 24168 --- [feedbackCollection] [           main] org.hibernate.type.BasicTypeRegistry     : Adding type registration java.time.LocalTime -> org.hibernate.type.BasicTypeReference@756b2d90
2025-03-26T00:38:03.273+05:30 DEBUG 24168 --- [feedbackCollection] [           main] org.hibernate.type.BasicTypeRegistry     : Adding type registration OffsetDateTime -> org.hibernate.type.BasicTypeReference@3520958b
2025-03-26T00:38:03.273+05:30 DEBUG 24168 --- [feedbackCollection] [           main] org.hibernate.type.BasicTypeRegistry     : Adding type registration java.time.OffsetDateTime -> org.hibernate.type.BasicTypeReference@3520958b
2025-03-26T00:38:03.273+05:30 DEBUG 24168 --- [feedbackCollection] [           main] org.hibernate.type.BasicTypeRegistry     : Adding type registration OffsetDateTimeWithTimezone -> org.hibernate.type.BasicTypeReference@6cc64028
2025-03-26T00:38:03.273+05:30 DEBUG 24168 --- [feedbackCollection] [           main] org.hibernate.type.BasicTypeRegistry     : Adding type registration OffsetDateTimeWithoutTimezone -> org.hibernate.type.BasicTypeReference@291a4791
2025-03-26T00:38:03.273+05:30 DEBUG 24168 --- [feedbackCollection] [           main] org.hibernate.type.BasicTypeRegistry     : Adding type registration OffsetTime -> org.hibernate.type.BasicTypeReference@5b1e88f
2025-03-26T00:38:03.274+05:30 DEBUG 24168 --- [feedbackCollection] [           main] org.hibernate.type.BasicTypeRegistry     : Adding type registration java.time.OffsetTime -> org.hibernate.type.BasicTypeReference@5b1e88f
2025-03-26T00:38:03.274+05:30 DEBUG 24168 --- [feedbackCollection] [           main] org.hibernate.type.BasicTypeRegistry     : Adding type registration OffsetTimeUtc -> org.hibernate.type.BasicTypeReference@340cb97f
2025-03-26T00:38:03.274+05:30 DEBUG 24168 --- [feedbackCollection] [           main] org.hibernate.type.BasicTypeRegistry     : Adding type registration OffsetTimeWithTimezone -> org.hibernate.type.BasicTypeReference@6a1568d6
2025-03-26T00:38:03.274+05:30 DEBUG 24168 --- [feedbackCollection] [           main] org.hibernate.type.BasicTypeRegistry     : Adding type registration OffsetTimeWithoutTimezone -> org.hibernate.type.BasicTypeReference@11c88cca
2025-03-26T00:38:03.274+05:30 DEBUG 24168 --- [feedbackCollection] [           main] org.hibernate.type.BasicTypeRegistry     : Adding type registration ZonedDateTime -> org.hibernate.type.BasicTypeReference@1b37fbec
2025-03-26T00:38:03.274+05:30 DEBUG 24168 --- [feedbackCollection] [           main] org.hibernate.type.BasicTypeRegistry     : Adding type registration java.time.ZonedDateTime -> org.hibernate.type.BasicTypeReference@1b37fbec
2025-03-26T00:38:03.274+05:30 DEBUG 24168 --- [feedbackCollection] [           main] org.hibernate.type.BasicTypeRegistry     : Adding type registration ZonedDateTimeWithTimezone -> org.hibernate.type.BasicTypeReference@4a216eb4
2025-03-26T00:38:03.274+05:30 DEBUG 24168 --- [feedbackCollection] [           main] org.hibernate.type.BasicTypeRegistry     : Adding type registration ZonedDateTimeWithoutTimezone -> org.hibernate.type.BasicTypeReference@bb3ecfe
2025-03-26T00:38:03.274+05:30 DEBUG 24168 --- [feedbackCollection] [           main] org.hibernate.type.BasicTypeRegistry     : Adding type registration date -> org.hibernate.type.BasicTypeReference@5ec88f9e
2025-03-26T00:38:03.274+05:30 DEBUG 24168 --- [feedbackCollection] [           main] org.hibernate.type.BasicTypeRegistry     : Adding type registration java.sql.Date -> org.hibernate.type.BasicTypeReference@5ec88f9e
2025-03-26T00:38:03.274+05:30 DEBUG 24168 --- [feedbackCollection] [           main] org.hibernate.type.BasicTypeRegistry     : Adding type registration time -> org.hibernate.type.BasicTypeReference@7a04f730
2025-03-26T00:38:03.274+05:30 DEBUG 24168 --- [feedbackCollection] [           main] org.hibernate.type.BasicTypeRegistry     : Adding type registration java.sql.Time -> org.hibernate.type.BasicTypeReference@7a04f730
2025-03-26T00:38:03.274+05:30 DEBUG 24168 --- [feedbackCollection] [           main] org.hibernate.type.BasicTypeRegistry     : Adding type registration timestamp -> org.hibernate.type.BasicTypeReference@3b11620a
2025-03-26T00:38:03.274+05:30 DEBUG 24168 --- [feedbackCollection] [           main] org.hibernate.type.BasicTypeRegistry     : Adding type registration java.sql.Timestamp -> org.hibernate.type.BasicTypeReference@3b11620a
2025-03-26T00:38:03.274+05:30 DEBUG 24168 --- [feedbackCollection] [           main] org.hibernate.type.BasicTypeRegistry     : Adding type registration java.util.Date -> org.hibernate.type.BasicTypeReference@3b11620a
2025-03-26T00:38:03.275+05:30 DEBUG 24168 --- [feedbackCollection] [           main] org.hibernate.type.BasicTypeRegistry     : Adding type registration calendar -> org.hibernate.type.BasicTypeReference@2fd1ad8a
2025-03-26T00:38:03.275+05:30 DEBUG 24168 --- [feedbackCollection] [           main] org.hibernate.type.BasicTypeRegistry     : Adding type registration java.util.Calendar -> org.hibernate.type.BasicTypeReference@2fd1ad8a
2025-03-26T00:38:03.275+05:30 DEBUG 24168 --- [feedbackCollection] [           main] org.hibernate.type.BasicTypeRegistry     : Adding type registration java.util.GregorianCalendar -> org.hibernate.type.BasicTypeReference@2fd1ad8a
2025-03-26T00:38:03.275+05:30 DEBUG 24168 --- [feedbackCollection] [           main] org.hibernate.type.BasicTypeRegistry     : Adding type registration calendar_date -> org.hibernate.type.BasicTypeReference@357f6391
2025-03-26T00:38:03.275+05:30 DEBUG 24168 --- [feedbackCollection] [           main] org.hibernate.type.BasicTypeRegistry     : Adding type registration calendar_time -> org.hibernate.type.BasicTypeReference@582e9152
2025-03-26T00:38:03.275+05:30 DEBUG 24168 --- [feedbackCollection] [           main] org.hibernate.type.BasicTypeRegistry     : Adding type registration instant -> org.hibernate.type.BasicTypeReference@7a31ca20
2025-03-26T00:38:03.275+05:30 DEBUG 24168 --- [feedbackCollection] [           main] org.hibernate.type.BasicTypeRegistry     : Adding type registration java.time.Instant -> org.hibernate.type.BasicTypeReference@7a31ca20
2025-03-26T00:38:03.275+05:30 DEBUG 24168 --- [feedbackCollection] [           main] org.hibernate.type.BasicTypeRegistry     : Adding type registration uuid -> org.hibernate.type.BasicTypeReference@349c4d1c
2025-03-26T00:38:03.276+05:30 DEBUG 24168 --- [feedbackCollection] [           main] org.hibernate.type.BasicTypeRegistry     : Adding type registration java.util.UUID -> org.hibernate.type.BasicTypeReference@349c4d1c
2025-03-26T00:38:03.276+05:30 DEBUG 24168 --- [feedbackCollection] [           main] org.hibernate.type.BasicTypeRegistry     : Adding type registration pg-uuid -> org.hibernate.type.BasicTypeReference@349c4d1c
2025-03-26T00:38:03.276+05:30 DEBUG 24168 --- [feedbackCollection] [           main] org.hibernate.type.BasicTypeRegistry     : Adding type registration uuid-binary -> org.hibernate.type.BasicTypeReference@21edd891
2025-03-26T00:38:03.276+05:30 DEBUG 24168 --- [feedbackCollection] [           main] org.hibernate.type.BasicTypeRegistry     : Adding type registration uuid-char -> org.hibernate.type.BasicTypeReference@de579ff
2025-03-26T00:38:03.276+05:30 DEBUG 24168 --- [feedbackCollection] [           main] org.hibernate.type.BasicTypeRegistry     : Adding type registration class -> org.hibernate.type.BasicTypeReference@7971c2a9
2025-03-26T00:38:03.276+05:30 DEBUG 24168 --- [feedbackCollection] [           main] org.hibernate.type.BasicTypeRegistry     : Adding type registration java.lang.Class -> org.hibernate.type.BasicTypeReference@7971c2a9
2025-03-26T00:38:03.276+05:30 DEBUG 24168 --- [feedbackCollection] [           main] org.hibernate.type.BasicTypeRegistry     : Adding type registration currency -> org.hibernate.type.BasicTypeReference@2fd39436
2025-03-26T00:38:03.276+05:30 DEBUG 24168 --- [feedbackCollection] [           main] org.hibernate.type.BasicTypeRegistry     : Adding type registration Currency -> org.hibernate.type.BasicTypeReference@2fd39436
2025-03-26T00:38:03.276+05:30 DEBUG 24168 --- [feedbackCollection] [           main] org.hibernate.type.BasicTypeRegistry     : Adding type registration java.util.Currency -> org.hibernate.type.BasicTypeReference@2fd39436
2025-03-26T00:38:03.276+05:30 DEBUG 24168 --- [feedbackCollection] [           main] org.hibernate.type.BasicTypeRegistry     : Adding type registration locale -> org.hibernate.type.BasicTypeReference@60b5e80d
2025-03-26T00:38:03.276+05:30 DEBUG 24168 --- [feedbackCollection] [           main] org.hibernate.type.BasicTypeRegistry     : Adding type registration java.util.Locale -> org.hibernate.type.BasicTypeReference@60b5e80d
2025-03-26T00:38:03.276+05:30 DEBUG 24168 --- [feedbackCollection] [           main] org.hibernate.type.BasicTypeRegistry     : Adding type registration serializable -> org.hibernate.type.BasicTypeReference@46394f65
2025-03-26T00:38:03.276+05:30 DEBUG 24168 --- [feedbackCollection] [           main] org.hibernate.type.BasicTypeRegistry     : Adding type registration java.io.Serializable -> org.hibernate.type.BasicTypeReference@46394f65
2025-03-26T00:38:03.276+05:30 DEBUG 24168 --- [feedbackCollection] [           main] org.hibernate.type.BasicTypeRegistry     : Adding type registration timezone -> org.hibernate.type.BasicTypeReference@31aab981
2025-03-26T00:38:03.276+05:30 DEBUG 24168 --- [feedbackCollection] [           main] org.hibernate.type.BasicTypeRegistry     : Adding type registration java.util.TimeZone -> org.hibernate.type.BasicTypeReference@31aab981
2025-03-26T00:38:03.276+05:30 DEBUG 24168 --- [feedbackCollection] [           main] org.hibernate.type.BasicTypeRegistry     : Adding type registration ZoneOffset -> org.hibernate.type.BasicTypeReference@26be9a6
2025-03-26T00:38:03.276+05:30 DEBUG 24168 --- [feedbackCollection] [           main] org.hibernate.type.BasicTypeRegistry     : Adding type registration java.time.ZoneOffset -> org.hibernate.type.BasicTypeReference@26be9a6
2025-03-26T00:38:03.276+05:30 DEBUG 24168 --- [feedbackCollection] [           main] org.hibernate.type.BasicTypeRegistry     : Adding type registration url -> org.hibernate.type.BasicTypeReference@4d518c66
2025-03-26T00:38:03.277+05:30 DEBUG 24168 --- [feedbackCollection] [           main] org.hibernate.type.BasicTypeRegistry     : Adding type registration java.net.URL -> org.hibernate.type.BasicTypeReference@4d518c66
2025-03-26T00:38:03.277+05:30 DEBUG 24168 --- [feedbackCollection] [           main] org.hibernate.type.BasicTypeRegistry     : Adding type registration vector -> org.hibernate.type.BasicTypeReference@411fa0ce
2025-03-26T00:38:03.277+05:30 DEBUG 24168 --- [feedbackCollection] [           main] org.hibernate.type.BasicTypeRegistry     : Adding type registration float_vector -> org.hibernate.type.BasicTypeReference@251d7fdd
2025-03-26T00:38:03.277+05:30 DEBUG 24168 --- [feedbackCollection] [           main] org.hibernate.type.BasicTypeRegistry     : Adding type registration double_vector -> org.hibernate.type.BasicTypeReference@78e68401
2025-03-26T00:38:03.277+05:30 DEBUG 24168 --- [feedbackCollection] [           main] org.hibernate.type.BasicTypeRegistry     : Adding type registration byte_vector -> org.hibernate.type.BasicTypeReference@391515c7
2025-03-26T00:38:03.277+05:30 DEBUG 24168 --- [feedbackCollection] [           main] org.hibernate.type.BasicTypeRegistry     : Adding type registration row_version -> org.hibernate.type.BasicTypeReference@5b0dbfb
2025-03-26T00:38:03.282+05:30 DEBUG 24168 --- [feedbackCollection] [           main] org.hibernate.type.BasicTypeRegistry     : Adding type registration object -> org.hibernate.type.JavaObjectType@15e8f9b2
2025-03-26T00:38:03.283+05:30 DEBUG 24168 --- [feedbackCollection] [           main] org.hibernate.type.BasicTypeRegistry     : Adding type registration java.lang.Object -> org.hibernate.type.JavaObjectType@15e8f9b2
2025-03-26T00:38:03.285+05:30 DEBUG 24168 --- [feedbackCollection] [           main] org.hibernate.type.BasicTypeRegistry     : Adding type registration null -> org.hibernate.type.NullType@8e99809
2025-03-26T00:38:03.285+05:30 DEBUG 24168 --- [feedbackCollection] [           main] org.hibernate.type.BasicTypeRegistry     : Adding type registration imm_date -> org.hibernate.type.BasicTypeReference@e62319f
2025-03-26T00:38:03.285+05:30 DEBUG 24168 --- [feedbackCollection] [           main] org.hibernate.type.BasicTypeRegistry     : Adding type registration imm_time -> org.hibernate.type.BasicTypeReference@4d354a3e
2025-03-26T00:38:03.285+05:30 DEBUG 24168 --- [feedbackCollection] [           main] org.hibernate.type.BasicTypeRegistry     : Adding type registration imm_timestamp -> org.hibernate.type.BasicTypeReference@24a0c58b
2025-03-26T00:38:03.285+05:30 DEBUG 24168 --- [feedbackCollection] [           main] org.hibernate.type.BasicTypeRegistry     : Adding type registration imm_calendar -> org.hibernate.type.BasicTypeReference@604d28c6
2025-03-26T00:38:03.285+05:30 DEBUG 24168 --- [feedbackCollection] [           main] org.hibernate.type.BasicTypeRegistry     : Adding type registration imm_calendar_date -> org.hibernate.type.BasicTypeReference@7f3c0399
2025-03-26T00:38:03.285+05:30 DEBUG 24168 --- [feedbackCollection] [           main] org.hibernate.type.BasicTypeRegistry     : Adding type registration imm_calendar_time -> org.hibernate.type.BasicTypeReference@183fc2fa
2025-03-26T00:38:03.286+05:30 DEBUG 24168 --- [feedbackCollection] [           main] org.hibernate.type.BasicTypeRegistry     : Adding type registration imm_binary -> org.hibernate.type.BasicTypeReference@3a11c0eb
2025-03-26T00:38:03.286+05:30 DEBUG 24168 --- [feedbackCollection] [           main] org.hibernate.type.BasicTypeRegistry     : Adding type registration imm_serializable -> org.hibernate.type.BasicTypeReference@3313d477
2025-03-26T00:38:03.289+05:30 DEBUG 24168 --- [feedbackCollection] [           main] o.h.boot.internal.BootstrapContextImpl   : Injecting JPA temp ClassLoader [org.springframework.instrument.classloading.SimpleThrowawayClassLoader@9e02f84] into BootstrapContext; was [null]
2025-03-26T00:38:03.291+05:30 DEBUG 24168 --- [feedbackCollection] [           main] o.h.boot.internal.ClassLoaderAccessImpl  : ClassLoaderAccessImpl#injectTempClassLoader(org.springframework.instrument.classloading.SimpleThrowawayClassLoader@9e02f84) [was null]
2025-03-26T00:38:03.291+05:30 DEBUG 24168 --- [feedbackCollection] [           main] o.h.boot.internal.BootstrapContextImpl   : Injecting ScanEnvironment [org.hibernate.jpa.boot.internal.StandardJpaScanEnvironmentImpl@39023dbf] into BootstrapContext; was [null]
2025-03-26T00:38:03.291+05:30 DEBUG 24168 --- [feedbackCollection] [           main] o.h.boot.internal.BootstrapContextImpl   : Injecting ScanOptions [org.hibernate.boot.archive.scan.internal.StandardScanOptions@1a2ac487] into BootstrapContext; was [org.hibernate.boot.archive.scan.internal.StandardScanOptions@570a62a5]
2025-03-26T00:38:03.321+05:30 DEBUG 24168 --- [feedbackCollection] [           main] o.h.j.b.i.PersistenceUnitInfoDescriptor  : Pushing class transformers for PU named 'default' on loading classloader jdk.internal.loader.ClassLoaders$AppClassLoader@c387f44
2025-03-26T00:38:03.606+05:30  INFO 24168 --- [feedbackCollection] [           main] o.s.o.j.p.SpringPersistenceUnitInfo      : No LoadTimeWeaver setup: ignoring JPA class transformer
2025-03-26T00:38:03.606+05:30 DEBUG 24168 --- [feedbackCollection] [           main] o.h.boot.internal.BootstrapContextImpl   : Injecting JPA temp ClassLoader [null] into BootstrapContext; was [org.springframework.instrument.classloading.SimpleThrowawayClassLoader@9e02f84]
2025-03-26T00:38:03.607+05:30 DEBUG 24168 --- [feedbackCollection] [           main] o.h.boot.internal.ClassLoaderAccessImpl  : ClassLoaderAccessImpl#injectTempClassLoader(null) [was org.springframework.instrument.classloading.SimpleThrowawayClassLoader@9e02f84]
2025-03-26T00:38:03.657+05:30 DEBUG 24168 --- [feedbackCollection] [           main] com.zaxxer.hikari.HikariConfig           : HikariPool-1 - configuration:
2025-03-26T00:38:03.660+05:30 DEBUG 24168 --- [feedbackCollection] [           main] com.zaxxer.hikari.HikariConfig           : allowPoolSuspension.............false
2025-03-26T00:38:03.660+05:30 DEBUG 24168 --- [feedbackCollection] [           main] com.zaxxer.hikari.HikariConfig           : autoCommit......................true
2025-03-26T00:38:03.660+05:30 DEBUG 24168 --- [feedbackCollection] [           main] com.zaxxer.hikari.HikariConfig           : catalog.........................none
2025-03-26T00:38:03.661+05:30 DEBUG 24168 --- [feedbackCollection] [           main] com.zaxxer.hikari.HikariConfig           : connectionInitSql...............none
2025-03-26T00:38:03.661+05:30 DEBUG 24168 --- [feedbackCollection] [           main] com.zaxxer.hikari.HikariConfig           : connectionTestQuery.............none
2025-03-26T00:38:03.661+05:30 DEBUG 24168 --- [feedbackCollection] [           main] com.zaxxer.hikari.HikariConfig           : connectionTimeout...............30000
2025-03-26T00:38:03.662+05:30 DEBUG 24168 --- [feedbackCollection] [           main] com.zaxxer.hikari.HikariConfig           : dataSource......................none
2025-03-26T00:38:03.662+05:30 DEBUG 24168 --- [feedbackCollection] [           main] com.zaxxer.hikari.HikariConfig           : dataSourceClassName.............none
2025-03-26T00:38:03.662+05:30 DEBUG 24168 --- [feedbackCollection] [           main] com.zaxxer.hikari.HikariConfig           : dataSourceJNDI..................none
2025-03-26T00:38:03.662+05:30 DEBUG 24168 --- [feedbackCollection] [           main] com.zaxxer.hikari.HikariConfig           : dataSourceProperties............{password=<masked>}
2025-03-26T00:38:03.662+05:30 DEBUG 24168 --- [feedbackCollection] [           main] com.zaxxer.hikari.HikariConfig           : driverClassName................."org.postgresql.Driver"
2025-03-26T00:38:03.663+05:30 DEBUG 24168 --- [feedbackCollection] [           main] com.zaxxer.hikari.HikariConfig           : exceptionOverrideClassName......none
2025-03-26T00:38:03.663+05:30 DEBUG 24168 --- [feedbackCollection] [           main] com.zaxxer.hikari.HikariConfig           : healthCheckProperties...........{}
2025-03-26T00:38:03.663+05:30 DEBUG 24168 --- [feedbackCollection] [           main] com.zaxxer.hikari.HikariConfig           : healthCheckRegistry.............none
2025-03-26T00:38:03.663+05:30 DEBUG 24168 --- [feedbackCollection] [           main] com.zaxxer.hikari.HikariConfig           : idleTimeout.....................30000
2025-03-26T00:38:03.663+05:30 DEBUG 24168 --- [feedbackCollection] [           main] com.zaxxer.hikari.HikariConfig           : initializationFailTimeout.......1
2025-03-26T00:38:03.663+05:30 DEBUG 24168 --- [feedbackCollection] [           main] com.zaxxer.hikari.HikariConfig           : isolateInternalQueries..........false
2025-03-26T00:38:03.663+05:30 DEBUG 24168 --- [feedbackCollection] [           main] com.zaxxer.hikari.HikariConfig           : jdbcUrl.........................jdbc:postgresql://dpg-cvfv0g3qf0us73fu7vr0-a.singapore-postgres.render.com:5432/feedbackcollectiondb?currentSchema=public&sslmode=require
2025-03-26T00:38:03.663+05:30 DEBUG 24168 --- [feedbackCollection] [           main] com.zaxxer.hikari.HikariConfig           : keepaliveTime...................0
2025-03-26T00:38:03.663+05:30 DEBUG 24168 --- [feedbackCollection] [           main] com.zaxxer.hikari.HikariConfig           : leakDetectionThreshold..........0
2025-03-26T00:38:03.664+05:30 DEBUG 24168 --- [feedbackCollection] [           main] com.zaxxer.hikari.HikariConfig           : maxLifetime.....................2000000
2025-03-26T00:38:03.664+05:30 DEBUG 24168 --- [feedbackCollection] [           main] com.zaxxer.hikari.HikariConfig           : maximumPoolSize.................20
2025-03-26T00:38:03.664+05:30 DEBUG 24168 --- [feedbackCollection] [           main] com.zaxxer.hikari.HikariConfig           : metricRegistry..................none
2025-03-26T00:38:03.664+05:30 DEBUG 24168 --- [feedbackCollection] [           main] com.zaxxer.hikari.HikariConfig           : metricsTrackerFactory...........none
2025-03-26T00:38:03.664+05:30 DEBUG 24168 --- [feedbackCollection] [           main] com.zaxxer.hikari.HikariConfig           : minimumIdle.....................5
2025-03-26T00:38:03.664+05:30 DEBUG 24168 --- [feedbackCollection] [           main] com.zaxxer.hikari.HikariConfig           : password........................<masked>
2025-03-26T00:38:03.664+05:30 DEBUG 24168 --- [feedbackCollection] [           main] com.zaxxer.hikari.HikariConfig           : poolName........................"HikariPool-1"
2025-03-26T00:38:03.664+05:30 DEBUG 24168 --- [feedbackCollection] [           main] com.zaxxer.hikari.HikariConfig           : readOnly........................false
2025-03-26T00:38:03.664+05:30 DEBUG 24168 --- [feedbackCollection] [           main] com.zaxxer.hikari.HikariConfig           : registerMbeans..................false
2025-03-26T00:38:03.665+05:30 DEBUG 24168 --- [feedbackCollection] [           main] com.zaxxer.hikari.HikariConfig           : scheduledExecutor...............none
2025-03-26T00:38:03.665+05:30 DEBUG 24168 --- [feedbackCollection] [           main] com.zaxxer.hikari.HikariConfig           : schema..........................none
2025-03-26T00:38:03.665+05:30 DEBUG 24168 --- [feedbackCollection] [           main] com.zaxxer.hikari.HikariConfig           : threadFactory...................internal
2025-03-26T00:38:03.665+05:30 DEBUG 24168 --- [feedbackCollection] [           main] com.zaxxer.hikari.HikariConfig           : transactionIsolation............default
2025-03-26T00:38:03.665+05:30 DEBUG 24168 --- [feedbackCollection] [           main] com.zaxxer.hikari.HikariConfig           : username........................"feedbackcollectiondb_user"
2025-03-26T00:38:03.665+05:30 DEBUG 24168 --- [feedbackCollection] [           main] com.zaxxer.hikari.HikariConfig           : validationTimeout...............5000
2025-03-26T00:38:03.665+05:30  INFO 24168 --- [feedbackCollection] [           main] com.zaxxer.hikari.HikariDataSource       : HikariPool-1 - Starting...
2025-03-26T00:38:05.374+05:30  INFO 24168 --- [feedbackCollection] [           main] com.zaxxer.hikari.pool.HikariPool        : HikariPool-1 - Added connection org.postgresql.jdbc.PgConnection@b9b97ad
2025-03-26T00:38:05.376+05:30  INFO 24168 --- [feedbackCollection] [           main] com.zaxxer.hikari.HikariDataSource       : HikariPool-1 - Start completed.
2025-03-26T00:38:05.384+05:30 DEBUG 24168 --- [feedbackCollection] [           main] o.h.e.j.e.i.JdbcEnvironmentInitiator     : Database ->
	   name : PostgreSQL
	version : 16.8 (Debian 16.8-1.pgdg120+1)
	  major : 16
	  minor : 8
2025-03-26T00:38:05.384+05:30 DEBUG 24168 --- [feedbackCollection] [           main] o.h.e.j.e.i.JdbcEnvironmentInitiator     : Driver ->
	   name : PostgreSQL JDBC Driver
	version : 42.7.5
	  major : 42
	  minor : 7
2025-03-26T00:38:05.384+05:30 DEBUG 24168 --- [feedbackCollection] [           main] o.h.e.j.e.i.JdbcEnvironmentInitiator     : JDBC version : 4.2
2025-03-26T00:38:05.486+05:30 DEBUG 24168 --- [feedbackCollection] [l-1 housekeeper] com.zaxxer.hikari.pool.HikariPool        : HikariPool-1 - Before cleanup stats (total=1, active=1, idle=0, waiting=0)
2025-03-26T00:38:05.487+05:30 DEBUG 24168 --- [feedbackCollection] [l-1 housekeeper] com.zaxxer.hikari.pool.HikariPool        : HikariPool-1 - After cleanup  stats (total=1, active=1, idle=0, waiting=0)
2025-03-26T00:38:05.526+05:30  WARN 24168 --- [feedbackCollection] [           main] org.hibernate.orm.deprecation            : HHH90000025: PostgreSQLDialect does not need to be specified explicitly using 'hibernate.dialect' (remove the property setting and it will be selected by default)
2025-03-26T00:38:05.527+05:30 DEBUG 24168 --- [feedbackCollection] [           main] org.hibernate.orm.dialect                : HHH035001: Using dialect: org.hibernate.dialect.PostgreSQLDialect, version: 16.8
2025-03-26T00:38:05.531+05:30 DEBUG 24168 --- [feedbackCollection] [           main] o.h.e.j.env.spi.IdentifierHelperBuilder  : JDBC driver metadata reported database stores quoted identifiers in neither upper, lower nor mixed case
2025-03-26T00:38:05.730+05:30 DEBUG 24168 --- [feedbackCollection] [           main] org.hibernate.orm.jdbc.lob               : HHH10010004: Disabling contextual LOB creation as Dialect reported it is not supported
2025-03-26T00:38:05.740+05:30  INFO 24168 --- [feedbackCollection] [           main] org.hibernate.orm.connections.pooling    : HHH10001005: Database info:
	Database JDBC URL [Connecting through datasource 'HikariDataSource (HikariPool-1)']
	Database driver: undefined/unknown
	Database version: 16.8
	Autocommit mode: undefined/unknown
	Isolation level: undefined/unknown
	Minimum pool size: undefined/unknown
	Maximum pool size: undefined/unknown
2025-03-26T00:38:05.749+05:30 DEBUG 24168 --- [feedbackCollection] [           main] o.h.t.d.sql.spi.DdlTypeRegistry          : addDescriptor(2003, org.hibernate.type.descriptor.sql.internal.ArrayDdlTypeImpl@1cc93da4) replaced previous registration(org.hibernate.type.descriptor.sql.internal.ArrayDdlTypeImpl@69d2fb0a)
2025-03-26T00:38:05.749+05:30 DEBUG 24168 --- [feedbackCollection] [           main] o.h.t.d.sql.spi.DdlTypeRegistry          : addDescriptor(6, org.hibernate.type.descriptor.sql.internal.CapacityDependentDdlType@7e38e254) replaced previous registration(org.hibernate.type.descriptor.sql.internal.DdlTypeImpl@7b3feb26)
2025-03-26T00:38:05.752+05:30 DEBUG 24168 --- [feedbackCollection] [           main] o.h.t.d.jdbc.spi.JdbcTypeRegistry        : addDescriptor(2004, BlobTypeDescriptor(BLOB_BINDING)) replaced previous registration(BlobTypeDescriptor(DEFAULT))
2025-03-26T00:38:05.753+05:30 DEBUG 24168 --- [feedbackCollection] [           main] o.h.t.d.jdbc.spi.JdbcTypeRegistry        : addDescriptor(2005, ClobTypeDescriptor(CLOB_BINDING)) replaced previous registration(ClobTypeDescriptor(DEFAULT))
2025-03-26T00:38:05.759+05:30 DEBUG 24168 --- [feedbackCollection] [           main] org.hibernate.type.BasicTypeRegistry     : Adding type registration JAVA_OBJECT -> org.hibernate.type.JavaObjectType@5b3755f4
2025-03-26T00:38:05.759+05:30 DEBUG 24168 --- [feedbackCollection] [           main] org.hibernate.type.BasicTypeRegistry     : Adding type registration java.lang.Object -> org.hibernate.type.JavaObjectType@5b3755f4
2025-03-26T00:38:05.759+05:30 DEBUG 24168 --- [feedbackCollection] [           main] org.hibernate.type.BasicTypeRegistry     : Type registration key [java.lang.Object] overrode previous entry : `org.hibernate.type.JavaObjectType@15e8f9b2`
2025-03-26T00:38:05.764+05:30 DEBUG 24168 --- [feedbackCollection] [           main] org.hibernate.type.BasicTypeRegistry     : Adding type registration org.hibernate.type.DurationType -> basicType@1(java.time.Duration,3015)
2025-03-26T00:38:05.764+05:30 DEBUG 24168 --- [feedbackCollection] [           main] org.hibernate.type.BasicTypeRegistry     : Adding type registration Duration -> basicType@1(java.time.Duration,3015)
2025-03-26T00:38:05.764+05:30 DEBUG 24168 --- [feedbackCollection] [           main] org.hibernate.type.BasicTypeRegistry     : Adding type registration java.time.Duration -> basicType@1(java.time.Duration,3015)
2025-03-26T00:38:05.768+05:30 DEBUG 24168 --- [feedbackCollection] [           main] org.hibernate.type.BasicTypeRegistry     : Adding type registration org.hibernate.type.OffsetDateTimeType -> basicType@2(java.time.OffsetDateTime,3003)
2025-03-26T00:38:05.768+05:30 DEBUG 24168 --- [feedbackCollection] [           main] org.hibernate.type.BasicTypeRegistry     : Adding type registration OffsetDateTime -> basicType@2(java.time.OffsetDateTime,3003)
2025-03-26T00:38:05.768+05:30 DEBUG 24168 --- [feedbackCollection] [           main] org.hibernate.type.BasicTypeRegistry     : Adding type registration java.time.OffsetDateTime -> basicType@2(java.time.OffsetDateTime,3003)
2025-03-26T00:38:05.768+05:30 DEBUG 24168 --- [feedbackCollection] [           main] org.hibernate.type.BasicTypeRegistry     : Adding type registration org.hibernate.type.ZonedDateTimeType -> basicType@3(java.time.ZonedDateTime,3003)
2025-03-26T00:38:05.768+05:30 DEBUG 24168 --- [feedbackCollection] [           main] org.hibernate.type.BasicTypeRegistry     : Adding type registration ZonedDateTime -> basicType@3(java.time.ZonedDateTime,3003)
2025-03-26T00:38:05.768+05:30 DEBUG 24168 --- [feedbackCollection] [           main] org.hibernate.type.BasicTypeRegistry     : Adding type registration java.time.ZonedDateTime -> basicType@3(java.time.ZonedDateTime,3003)
2025-03-26T00:38:05.769+05:30 DEBUG 24168 --- [feedbackCollection] [           main] org.hibernate.type.BasicTypeRegistry     : Adding type registration org.hibernate.type.OffsetTimeType -> basicType@4(java.time.OffsetTime,3007)
2025-03-26T00:38:05.769+05:30 DEBUG 24168 --- [feedbackCollection] [           main] org.hibernate.type.BasicTypeRegistry     : Adding type registration OffsetTime -> basicType@4(java.time.OffsetTime,3007)
2025-03-26T00:38:05.769+05:30 DEBUG 24168 --- [feedbackCollection] [           main] org.hibernate.type.BasicTypeRegistry     : Adding type registration java.time.OffsetTime -> basicType@4(java.time.OffsetTime,3007)
2025-03-26T00:38:05.770+05:30 DEBUG 24168 --- [feedbackCollection] [           main] o.h.type.spi.TypeConfiguration$Scope     : Scoping TypeConfiguration [org.hibernate.type.spi.TypeConfiguration@66b31d46] to MetadataBuildingContext [org.hibernate.boot.internal.MetadataBuildingContextRootImpl@51e94b7d]
2025-03-26T00:38:05.817+05:30 DEBUG 24168 --- [feedbackCollection] [           main] o.h.boot.model.relational.Namespace      : Created database namespace [logicalName=Name{catalog=null, schema=null}, physicalName=Name{catalog=null, schema=null}]
2025-03-26T00:38:05.842+05:30 DEBUG 24168 --- [feedbackCollection] [           main] o.h.boot.model.internal.EntityBinder     : Binding entity from annotated class: com.feedback.feedbackCollection.data.entity.AdminData
2025-03-26T00:38:05.847+05:30 DEBUG 24168 --- [feedbackCollection] [           main] o.h.boot.model.internal.EntityBinder     : Import with entity name AdminData
[...]

   RSocketServerAutoConfiguration:
      Did not match:
         - @ConditionalOnClass did not find required class 'io.rsocket.core.RSocketServer' (OnClassCondition)

   RSocketStrategiesAutoConfiguration:
      Did not match:
         - @ConditionalOnClass did not find required class 'io.netty.buffer.PooledByteBufAllocator' (OnClassCondition)

   RabbitAutoConfiguration:
      Did not match:
         - @ConditionalOnClass did not find required class 'com.rabbitmq.client.Channel' (OnClassCondition)

   ReactiveElasticsearchClientAutoConfiguration:
      Did not match:
         - @ConditionalOnClass did not find required class 'co.elastic.clients.transport.ElasticsearchTransport' (OnClassCondition)

   ReactiveElasticsearchRepositoriesAutoConfiguration:
      Did not match:
         - @ConditionalOnClass did not find required class 'reactor.core.publisher.Mono' (OnClassCondition)

   ReactiveMultipartAutoConfiguration:
      Did not match:
         - @ConditionalOnClass did not find required class 'org.springframework.web.reactive.config.WebFluxConfigurer' (OnClassCondition)

   ReactiveOAuth2ClientAutoConfiguration:
      Did not match:
         - @ConditionalOnClass did not find required class 'reactor.core.publisher.Flux' (OnClassCondition)

   ReactiveOAuth2ResourceServerAutoConfiguration:
      Did not match:
         - @ConditionalOnClass did not find required class 'org.springframework.security.config.annotation.web.reactive.EnableWebFluxSecurity' (OnClassCondition)

   ReactiveSecurityAutoConfiguration:
      Did not match:
         - @ConditionalOnClass did not find required class 'reactor.core.publisher.Flux' (OnClassCondition)

   ReactiveUserDetailsServiceAutoConfiguration:
      Did not match:
         - @ConditionalOnClass did not find required class 'org.springframework.security.authentication.ReactiveAuthenticationManager' (OnClassCondition)

   ReactiveWebServerFactoryAutoConfiguration:
      Did not match:
         - @ConditionalOnWebApplication did not find reactive web application classes (OnWebApplicationCondition)

   ReactorAutoConfiguration:
      Did not match:
         - @ConditionalOnClass did not find required class 'reactor.core.publisher.Hooks' (OnClassCondition)

   RedisAutoConfiguration:
      Did not match:
         - @ConditionalOnClass did not find required class 'org.springframework.data.redis.core.RedisOperations' (OnClassCondition)

   RedisCacheConfiguration:
      Did not match:
         - @ConditionalOnClass did not find required class 'org.springframework.data.redis.connection.RedisConnectionFactory' (OnClassCondition)

   RedisReactiveAutoConfiguration:
      Did not match:
         - @ConditionalOnClass did not find required class 'reactor.core.publisher.Flux' (OnClassCondition)

   RedisRepositoriesAutoConfiguration:
      Did not match:
         - @ConditionalOnClass did not find required class 'org.springframework.data.redis.repository.configuration.EnableRedisRepositories' (OnClassCondition)

   RemoteDevToolsAutoConfiguration:
      Did not match:
         - @ConditionalOnProperty (spring.devtools.remote.secret) did not find property 'secret' (OnPropertyCondition)
      Matched:
         - @ConditionalOnClass found required classes 'jakarta.servlet.Filter', 'org.springframework.http.server.ServerHttpRequest' (OnClassCondition)

   RepositoryRestMvcAutoConfiguration:
      Did not match:
         - @ConditionalOnClass did not find required class 'org.springframework.data.rest.webmvc.config.RepositoryRestMvcConfiguration' (OnClassCondition)

   Saml2RelyingPartyAutoConfiguration:
      Did not match:
         - @ConditionalOnClass did not find required class 'org.springframework.security.saml2.provider.service.registration.RelyingPartyRegistrationRepository' (OnClassCondition)

   SecurityAutoConfiguration:
      Did not match:
         - @ConditionalOnClass did not find required class 'org.springframework.security.authentication.DefaultAuthenticationEventPublisher' (OnClassCondition)

   SecurityFilterAutoConfiguration:
      Did not match:
         - @ConditionalOnClass did not find required class 'org.springframework.security.config.http.SessionCreationPolicy' (OnClassCondition)

   SendGridAutoConfiguration:
      Did not match:
         - @ConditionalOnClass did not find required class 'com.sendgrid.SendGrid' (OnClassCondition)

   ServletWebServerFactoryAutoConfiguration.ForwardedHeaderFilterConfiguration:
      Did not match:
         - @ConditionalOnProperty (server.forward-headers-strategy=framework) did not find property 'server.forward-headers-strategy' (OnPropertyCondition)

   ServletWebServerFactoryConfiguration.EmbeddedJetty:
      Did not match:
         - @ConditionalOnClass did not find required classes 'org.eclipse.jetty.server.Server', 'org.eclipse.jetty.util.Loader', 'org.eclipse.jetty.ee10.webapp.WebAppContext' (OnClassCondition)

   ServletWebServerFactoryConfiguration.EmbeddedUndertow:
      Did not match:
         - @ConditionalOnClass did not find required classes 'io.undertow.Undertow', 'org.xnio.SslClientAuthMode' (OnClassCondition)

   SessionAutoConfiguration:
      Did not match:
         - @ConditionalOnClass did not find required class 'org.springframework.session.Session' (OnClassCondition)

   SpringApplicationAdminJmxAutoConfiguration:
      Did not match:
         - @ConditionalOnProperty (spring.application.admin.enabled=true) did not find property 'enabled' (OnPropertyCondition)

   TaskExecutorConfigurations.SimpleAsyncTaskExecutorBuilderConfiguration#simpleAsyncTaskExecutorBuilderVirtualThreads:
      Did not match:
         - @ConditionalOnMissingBean (types: org.springframework.boot.task.SimpleAsyncTaskExecutorBuilder; SearchStrategy: all) found beans of type 'org.springframework.boot.task.SimpleAsyncTaskExecutorBuilder' simpleAsyncTaskExecutorBuilder (OnBeanCondition)

   TaskExecutorConfigurations.TaskExecutorConfiguration#applicationTaskExecutorVirtualThreads:
      Did not match:
         - @ConditionalOnThreading did not find VIRTUAL (OnThreadingCondition)

   TaskSchedulingAutoConfiguration#scheduledBeanLazyInitializationExcludeFilter:
      Did not match:
         - @ConditionalOnBean (names: org.springframework.context.annotation.internalScheduledAnnotationProcessor; SearchStrategy: all) did not find any beans named org.springframework.context.annotation.internalScheduledAnnotationProcessor (OnBeanCondition)

   TaskSchedulingConfigurations.SimpleAsyncTaskSchedulerBuilderConfiguration#simpleAsyncTaskSchedulerBuilderVirtualThreads:
      Did not match:
         - @ConditionalOnMissingBean (types: org.springframework.boot.task.SimpleAsyncTaskSchedulerBuilder; SearchStrategy: all) found beans of type 'org.springframework.boot.task.SimpleAsyncTaskSchedulerBuilder' simpleAsyncTaskSchedulerBuilder (OnBeanCondition)

   TaskSchedulingConfigurations.TaskSchedulerConfiguration:
      Did not match:
         - @ConditionalOnBean (names: org.springframework.context.annotation.internalScheduledAnnotationProcessor; SearchStrategy: all) did not find any beans named org.springframework.context.annotation.internalScheduledAnnotationProcessor (OnBeanCondition)

   TemplateEngineConfigurations.ReactiveTemplateEngineConfiguration:
      Did not match:
         - did not find reactive web application classes (OnWebApplicationCondition)

   ThymeleafAutoConfiguration.DataAttributeDialectConfiguration:
      Did not match:
         - @ConditionalOnClass did not find required class 'com.github.mxab.thymeleaf.extras.dataattribute.dialect.DataAttributeDialect' (OnClassCondition)

   ThymeleafAutoConfiguration.ThymeleafSecurityDialectConfiguration:
      Did not match:
         - @ConditionalOnClass did not find required classes 'org.thymeleaf.extras.springsecurity6.dialect.SpringSecurityDialect', 'org.springframework.security.web.server.csrf.CsrfToken' (OnClassCondition)

   ThymeleafAutoConfiguration.ThymeleafWebFluxConfiguration:
      Did not match:
         - did not find reactive web application classes (OnWebApplicationCondition)

   ThymeleafAutoConfiguration.ThymeleafWebLayoutConfiguration:
      Did not match:
         - @ConditionalOnClass did not find required class 'nz.net.ultraq.thymeleaf.layoutdialect.LayoutDialect' (OnClassCondition)

   ThymeleafAutoConfiguration.ThymeleafWebMvcConfiguration#resourceUrlEncodingFilter:
      Did not match:
         - @ConditionalOnEnabledResourceChain did not find class org.webjars.WebJarVersionLocator (OnEnabledResourceChainCondition)

   TransactionAutoConfiguration#transactionalOperator:
      Did not match:
         - @ConditionalOnSingleCandidate (types: org.springframework.transaction.ReactiveTransactionManager; SearchStrategy: all) did not find any beans (OnBeanCondition)

   TransactionAutoConfiguration.AspectJTransactionManagementConfiguration:
      Did not match:
         - @ConditionalOnBean (types: org.springframework.transaction.aspectj.AbstractTransactionAspect; SearchStrategy: all) did not find any beans of type org.springframework.transaction.aspectj.AbstractTransactionAspect (OnBeanCondition)

   TransactionAutoConfiguration.EnableTransactionManagementConfiguration.JdkDynamicAutoProxyConfiguration:
      Did not match:
         - @ConditionalOnProperty (spring.aop.proxy-target-class=false) did not find property 'proxy-target-class' (OnPropertyCondition)

   UserDetailsServiceAutoConfiguration:
      Did not match:
         - @ConditionalOnClass did not find required class 'org.springframework.security.authentication.AuthenticationManager' (OnClassCondition)

   WebClientAutoConfiguration:
      Did not match:
         - @ConditionalOnClass did not find required class 'org.springframework.web.reactive.function.client.WebClient' (OnClassCondition)

   WebFluxAutoConfiguration:
      Did not match:
         - @ConditionalOnClass did not find required class 'org.springframework.web.reactive.config.WebFluxConfigurer' (OnClassCondition)

   WebMvcAutoConfiguration#hiddenHttpMethodFilter:
      Did not match:
         - @ConditionalOnProperty (spring.mvc.hiddenmethod.filter.enabled) did not find property 'enabled' (OnPropertyCondition)

   WebMvcAutoConfiguration.ProblemDetailsErrorHandlingConfiguration:
      Did not match:
         - @ConditionalOnProperty (spring.mvc.problemdetails.enabled=true) did not find property 'enabled' (OnPropertyCondition)

   WebMvcAutoConfiguration.ResourceChainCustomizerConfiguration:
      Did not match:
         - @ConditionalOnEnabledResourceChain did not find class org.webjars.WebJarVersionLocator (OnEnabledResourceChainCondition)

   WebMvcAutoConfiguration.WebMvcAutoConfigurationAdapter#beanNameViewResolver:
      Did not match:
         - @ConditionalOnMissingBean (types: org.springframework.web.servlet.view.BeanNameViewResolver; SearchStrategy: all) found beans of type 'org.springframework.web.servlet.view.BeanNameViewResolver' beanNameViewResolver (OnBeanCondition)

   WebServiceTemplateAutoConfiguration:
      Did not match:
         - @ConditionalOnClass did not find required class 'org.springframework.oxm.Marshaller' (OnClassCondition)

   WebServicesAutoConfiguration:
      Did not match:
         - @ConditionalOnClass did not find required class 'org.springframework.ws.transport.http.MessageDispatcherServlet' (OnClassCondition)

   WebSessionIdResolverAutoConfiguration:
      Did not match:
         - @ConditionalOnClass did not find required class 'reactor.core.publisher.Mono' (OnClassCondition)

   WebSocketMessagingAutoConfiguration:
      Did not match:
         - @ConditionalOnClass did not find required class 'org.springframework.web.socket.config.annotation.WebSocketMessageBrokerConfigurer' (OnClassCondition)

   WebSocketReactiveAutoConfiguration:
      Did not match:
         - @ConditionalOnWebApplication did not find reactive web application classes (OnWebApplicationCondition)

   WebSocketServletAutoConfiguration.JettyWebSocketConfiguration:
      Did not match:
         - @ConditionalOnClass did not find required class 'org.eclipse.jetty.ee10.websocket.jakarta.server.config.JakartaWebSocketServletContainerInitializer' (OnClassCondition)

   WebSocketServletAutoConfiguration.UndertowWebSocketConfiguration:
      Did not match:
         - @ConditionalOnClass did not find required class 'io.undertow.websockets.jsr.Bootstrap' (OnClassCondition)

   XADataSourceAutoConfiguration:
      Did not match:
         - @ConditionalOnBean (types: org.springframework.boot.jdbc.XADataSourceWrapper; SearchStrategy: all) did not find any beans of type org.springframework.boot.jdbc.XADataSourceWrapper (OnBeanCondition)
      Matched:
         - @ConditionalOnClass found required classes 'javax.sql.DataSource', 'jakarta.transaction.TransactionManager', 'org.springframework.jdbc.datasource.embedded.EmbeddedDatabaseType' (OnClassCondition)


Exclusions:
-----------

    None


Unconditional classes:
----------------------

    org.springframework.boot.autoconfigure.context.ConfigurationPropertiesAutoConfiguration

    org.springframework.boot.autoconfigure.ssl.SslAutoConfiguration

    org.springframework.boot.autoconfigure.context.LifecycleAutoConfiguration

    org.springframework.boot.autoconfigure.context.PropertyPlaceholderAutoConfiguration

    org.springframework.boot.autoconfigure.availability.ApplicationAvailabilityAutoConfiguration

    org.springframework.boot.autoconfigure.info.ProjectInfoAutoConfiguration



2025-03-26T00:38:14.897+05:30  INFO 24168 --- [feedbackCollection] [           main] c.f.f.FeedbackCollectionApplicationTests : Started FeedbackCollectionApplicationTests in 14.67 seconds (process running for 15.793)
2025-03-26T00:38:14.899+05:30 DEBUG 24168 --- [feedbackCollection] [           main] o.s.b.a.ApplicationAvailabilityBean      : Application availability state LivenessState changed to CORRECT
2025-03-26T00:38:14.903+05:30 DEBUG 24168 --- [feedbackCollection] [           main] o.s.boot.devtools.restart.Restarter      : Creating new Restarter for thread Thread[main,5,main]
2025-03-26T00:38:14.903+05:30 DEBUG 24168 --- [feedbackCollection] [           main] o.s.b.a.ApplicationAvailabilityBean      : Application availability state ReadinessState changed to ACCEPTING_TRAFFIC
2025-03-26T00:38:14.906+05:30 DEBUG 24168 --- [feedbackCollection] [           main] org.springframework.test.context.cache   : Spring test ApplicationContext cache statistics: [DefaultContextCache@4c02f50 size = 1, maxSize = 32, parentContextCount = 0, hitCount = 0, missCount = 1, failureCount = 0]
2025-03-26T00:38:14.907+05:30 DEBUG 24168 --- [feedbackCollection] [           main] o.s.t.c.w.ServletTestExecutionListener   : Setting up MockHttpServletRequest, MockHttpServletResponse, ServletWebRequest, and RequestContextHolder for test class com.feedback.feedbackCollection.FeedbackCollectionApplicationTests
2025-03-26T00:38:14.927+05:30 DEBUG 24168 --- [feedbackCollection] [           main] DependencyInjectionTestExecutionListener : Performing dependency injection for test class com.feedback.feedbackCollection.FeedbackCollectionApplicationTests
2025-03-26T00:38:14.928+05:30 DEBUG 24168 --- [feedbackCollection] [           main] org.springframework.test.context.cache   : Spring test ApplicationContext cache statistics: [DefaultContextCache@4c02f50 size = 1, maxSize = 32, parentContextCount = 0, hitCount = 1, missCount = 1, failureCount = 0]
2025-03-26T00:38:14.929+05:30 DEBUG 24168 --- [feedbackCollection] [           main] org.springframework.test.context.cache   : Spring test ApplicationContext cache statistics: [DefaultContextCache@4c02f50 size = 1, maxSize = 32, parentContextCount = 0, hitCount = 2, missCount = 1, failureCount = 0]
2025-03-26T00:38:14.937+05:30 DEBUG 24168 --- [feedbackCollection] [           main] sContextBeforeModesTestExecutionListener : Before test method: class [FeedbackCollectionApplicationTests], method [contextLoads], class annotated with @DirtiesContext [false] with mode [null], method annotated with @DirtiesContext [false] with mode [null]
2025-03-26T00:38:14.940+05:30 DEBUG 24168 --- [feedbackCollection] [           main] org.springframework.test.context.cache   : Spring test ApplicationContext cache statistics: [DefaultContextCache@4c02f50 size = 1, maxSize = 32, parentContextCount = 0, hitCount = 3, missCount = 1, failureCount = 0]
2025-03-26T00:38:14.940+05:30 DEBUG 24168 --- [feedbackCollection] [           main] org.springframework.test.context.cache   : Spring test ApplicationContext cache statistics: [DefaultContextCache@4c02f50 size = 1, maxSize = 32, parentContextCount = 0, hitCount = 4, missCount = 1, failureCount = 0]
2025-03-26T00:38:15.497+05:30 DEBUG 24168 --- [feedbackCollection] [           main] org.springframework.test.context.cache   : Spring test ApplicationContext cache statistics: [DefaultContextCache@4c02f50 size = 1, maxSize = 32, parentContextCount = 0, hitCount = 5, missCount = 1, failureCount = 0]
2025-03-26T00:38:15.501+05:30 DEBUG 24168 --- [feedbackCollection] [           main] org.springframework.test.context.cache   : Spring test ApplicationContext cache statistics: [DefaultContextCache@4c02f50 size = 1, maxSize = 32, parentContextCount = 0, hitCount = 6, missCount = 1, failureCount = 0]
2025-03-26T00:38:15.505+05:30 DEBUG 24168 --- [feedbackCollection] [           main] org.springframework.test.context.cache   : Spring test ApplicationContext cache statistics: [DefaultContextCache@4c02f50 size = 1, maxSize = 32, parentContextCount = 0, hitCount = 7, missCount = 1, failureCount = 0]
2025-03-26T00:38:15.506+05:30 DEBUG 24168 --- [feedbackCollection] [           main] org.springframework.test.context.cache   : Spring test ApplicationContext cache statistics: [DefaultContextCache@4c02f50 size = 1, maxSize = 32, parentContextCount = 0, hitCount = 8, missCount = 1, failureCount = 0]
2025-03-26T00:38:15.507+05:30 DEBUG 24168 --- [feedbackCollection] [           main] org.springframework.test.context.cache   : Spring test ApplicationContext cache statistics: [DefaultContextCache@4c02f50 size = 1, maxSize = 32, parentContextCount = 0, hitCount = 9, missCount = 1, failureCount = 0]
2025-03-26T00:38:15.507+05:30 DEBUG 24168 --- [feedbackCollection] [           main] org.springframework.test.context.cache   : Spring test ApplicationContext cache statistics: [DefaultContextCache@4c02f50 size = 1, maxSize = 32, parentContextCount = 0, hitCount = 10, missCount = 1, failureCount = 0]
2025-03-26T00:38:15.508+05:30 DEBUG 24168 --- [feedbackCollection] [           main] org.springframework.test.context.cache   : Spring test ApplicationContext cache statistics: [DefaultContextCache@4c02f50 size = 1, maxSize = 32, parentContextCount = 0, hitCount = 11, missCount = 1, failureCount = 0]
2025-03-26T00:38:15.509+05:30 DEBUG 24168 --- [feedbackCollection] [           main] org.springframework.test.context.cache   : Spring test ApplicationContext cache statistics: [DefaultContextCache@4c02f50 size = 1, maxSize = 32, parentContextCount = 0, hitCount = 12, missCount = 1, failureCount = 0]
2025-03-26T00:38:15.510+05:30 DEBUG 24168 --- [feedbackCollection] [           main] org.springframework.test.context.cache   : Spring test ApplicationContext cache statistics: [DefaultContextCache@4c02f50 size = 1, maxSize = 32, parentContextCount = 0, hitCount = 13, missCount = 1, failureCount = 0]
2025-03-26T00:38:15.510+05:30 DEBUG 24168 --- [feedbackCollection] [           main] .c.s.DirtiesContextTestExecutionListener : After test method: class [FeedbackCollectionApplicationTests], method [contextLoads], class annotated with @DirtiesContext [false] with mode [null], method annotated with @DirtiesContext [false] with mode [null]
2025-03-26T00:38:15.511+05:30 DEBUG 24168 --- [feedbackCollection] [           main] o.s.t.c.w.ServletTestExecutionListener   : Resetting RequestContextHolder for test class com.feedback.feedbackCollection.FeedbackCollectionApplicationTests
]]></system-out>
  </testcase>
</testsuite>